
2018-02-18 00:00:06.741069 Like : 5a88eaa4092974be1639ef37
{"match":false,"likes_remaining":100}
2018-02-18 00:00:18.754372 Like : 5a88eb7182e3b3df1688f89d
{"match":false,"likes_remaining":100}
2018-02-18 00:00:30.789091 Like : 5a8601602431eea12009c992
{"match":false,"likes_remaining":100}
2018-02-18 00:00:42.817223 Like : 5a88e9a6cddb80c4208c7fdc
{"match":false,"likes_remaining":100}
2018-02-18 00:00:54.803078 Like : 5a88e3738ae8a5793df062c0
{"match":false,"likes_remaining":100}
2018-02-18 00:01:06.865908 Like : 5a88d95a2431eea1200bf3b9
{"match":false,"likes_remaining":100}
2018-02-18 00:01:18.946778 Like : 5a88dbd4cddb80c4208c7416
{"match":false,"likes_remaining":100}
2018-02-18 00:01:31.166438 Like : 5a88ec1782e3b3df1688fa07
{"match":false,"likes_remaining":100}
2018-02-18 00:01:43.312754 Like : 57c769968eee84804b50303c
{"match":false,"likes_remaining":100}
2018-02-18 00:01:55.395966 Like : 5a88da8f033301c20d80ca8b
{"match":false,"likes_remaining":100}
2018-02-18 00:02:07.404592 Like : 597c28148716ea1e29c39559
{"match":false,"likes_remaining":100}
2018-02-18 00:03:22.006629 Like : 5a88e6075fbc6de620d99854
{"match":false,"likes_remaining":100}
2018-02-18 00:03:34.061426 Like : 5889f0858669543702398de7
{"match":false,"likes_remaining":100}
2018-02-18 00:03:47.046794 Like : 5a88ebed033301c20d80ea74
{"match":false,"likes_remaining":100}
2018-02-18 00:03:59.154970 Like : 58bb9586165ca36e1268b434
{"match":false,"likes_remaining":100}
2018-02-18 00:04:11.203272 Like : 59d19c88928a7e58701e7886
{"match":false,"likes_remaining":100}
2018-02-18 00:04:23.541271 Like : 584304b49bf1bcba26562efd
{"match":false,"likes_remaining":100}
2018-02-18 00:04:35.674961 Like : 5a88e4e2033301c20d80df09
{"match":false,"likes_remaining":100}
2018-02-18 00:04:47.718544 Like : 5a88e601033301c20d80e135
{"match":false,"likes_remaining":100}
2018-02-18 00:04:59.812512 Like : 5a88e44b8ae8a5793df063e7
{"match":false,"likes_remaining":100}
2018-02-18 00:05:11.826100 Like : 5a88e5b112c0389c16f7f8b8
{"match":false,"likes_remaining":100}
2018-02-18 00:05:24.100677 Like : 5a4e2920e1f6028675c192ff
{"match":false,"likes_remaining":100}
2018-02-18 00:05:36.183805 Like : 537a2af05ec1b5831027108d
{"match":false,"likes_remaining":100}
2018-02-18 00:05:50.873289 Like : 5a88ea1f82e3b3df1688f5d7
{"match":false,"likes_remaining":100}
2018-02-18 00:06:02.965704 Like : 5a88e61b8ae8a5793df06588
{"match":false,"likes_remaining":100}
2018-02-18 00:06:15.000054 Like : 554388326c413cda7165db26
{"match":false,"likes_remaining":100}
2018-02-18 00:07:29.433929 Like : 54a51b11efc241c6679a961c
{"match":false,"likes_remaining":100}
2018-02-18 00:07:41.622172 Like : 5a88e46c033301c20d80de0c
{"match":false,"likes_remaining":100}
2018-02-18 00:07:53.678640 Like : 545ed182153dfde31a6c1c7f
{"match":false,"likes_remaining":100}
2018-02-18 00:08:05.763486 Like : 5a88e771af03e2143d212b5d
{"match":false,"likes_remaining":100}
2018-02-18 00:08:17.778148 Like : 5a88e44b8ae8a5793df063e7
{"match":false,"likes_remaining":100}
2018-02-18 00:08:30.070715 Like : 59bde257aca1dedc0ab720a2
{"match":false,"likes_remaining":100}
2018-02-18 00:08:42.166635 Like : 5a88ebc482e3b3df1688f948
{"match":false,"likes_remaining":100}
2018-02-18 00:08:54.218720 Like : 5a88dd1d6f1acee40dc665b9
{"match":false,"likes_remaining":100}
2018-02-18 00:09:06.269344 Like : 5a88e5eaea042ca00d1af4e1
{"match":false,"likes_remaining":100}
2018-02-18 00:09:18.348362 Like : 581b9fed0bdb8b6a4c103400
{"match":false,"likes_remaining":100}
2018-02-18 00:10:33.566046 Like : 5a88e632488c44363d0679f9
{"match":false,"likes_remaining":100}
2018-02-18 00:10:45.806028 Like : 5a88e29f033301c20d80d92c
{"match":false,"likes_remaining":100}
2018-02-18 00:10:57.824102 Like : 5a88deba8ae8a5793df05d07
{"match":false,"likes_remaining":100}
2018-02-18 00:11:09.812210 Like : 5a88e7c1033301c20d80e3cd
{"match":false,"likes_remaining":100}
2018-02-18 00:11:21.825818 Like : 5a88e9f9af03e2143d212e24
{"match":false,"likes_remaining":100}
2018-02-18 00:11:33.800421 Like : 5a88db272431eea1200bf622
{"match":false,"likes_remaining":100}
2018-02-18 00:11:45.857044 Like : 5a88e81eaf03e2143d212c50
{"match":false,"likes_remaining":100}
2018-02-18 00:11:57.893035 Like : 5a88ea1f82e3b3df1688f5d7
{"match":false,"likes_remaining":100}
2018-02-18 00:12:09.927707 Like : 5a88d6bf2431eea1200bf154
{"match":false,"likes_remaining":100}
2018-02-18 00:12:21.995221 Like : 5a88e771af03e2143d212b5d
{"match":false,"likes_remaining":100}
2018-02-18 00:12:34.020962 Like : 5a88e92b82e3b3df1688f3c5
{"match":false,"likes_remaining":100}
2018-02-18 00:12:46.065091 Like : 5a88e7b182e3b3df1688f06b
{"match":false,"likes_remaining":100}
2018-02-18 00:12:58.145686 Like : 55eb82dbac18af7e61fb3984
{"match":false,"likes_remaining":100}
2018-02-18 00:13:10.154221 Like : 5a88ed798ae8a5793df07572
{"match":false,"likes_remaining":100}
2018-02-18 00:14:24.800811 Like : 5a88ec6e8ae8a5793df0724c
{"match":false,"likes_remaining":100}
2018-02-18 00:14:36.888689 Like : 5a88e75bea042ca00d1af6c5
{"match":false,"likes_remaining":100}
2018-02-18 00:14:49.002066 Like : 5a88dae3cddb80c4208c72a2
{"match":false,"likes_remaining":100}
2018-02-18 00:15:01.043013 Like : 5a88e877ea042ca00d1af851
{"match":false,"likes_remaining":100}
2018-02-18 00:15:13.047491 Like : 5a88e2b3488c44363d0675a0
{"match":false,"likes_remaining":100}
2018-02-18 00:15:25.181697 Like : 5a88ebca8ae8a5793df0702e
{"match":false,"likes_remaining":100}
2018-02-18 00:15:37.264239 Like : 5a88e865033301c20d80e4a1
{"match":false,"likes_remaining":100}
2018-02-18 00:15:49.304842 Like : 5a88e2c412c0389c16f7f4ef
{"match":false,"likes_remaining":100}
2018-02-18 00:16:01.314594 Like : 58e684960734ea5269f285f2
{"match":false,"likes_remaining":100}
2018-02-18 00:16:13.361664 Like : 5a88eabd8ae8a5793df06cdc
{"match":false,"likes_remaining":100}
2018-02-18 00:16:25.412990 Like : 5a88e69982e3b3df1688ee42
{"match":false,"likes_remaining":100}
2018-02-18 00:16:37.413250 Like : 5a88e06d2431eea1200c0128
{"match":false,"likes_remaining":100}
2018-02-18 00:17:51.808864 Like : 5a88eabe5fbc6de620d99d87
{"match":false,"likes_remaining":100}
2018-02-18 00:18:03.803339 Like : 54b9a77f2f8fd39c12c2dc57
{"match":false,"likes_remaining":100}
2018-02-18 00:18:15.889298 Like : 56a6970f8d0f4def5a965065
{"match":false,"likes_remaining":100}
2018-02-18 00:18:28.107496 Like : 599b67dbcfbf4a992c669a68
{"match":false,"likes_remaining":100}
2018-02-18 00:18:40.133511 Like : 5789900f46264d180a937c5d
{"match":false,"likes_remaining":100}
2018-02-18 00:18:52.163550 Like : 52436305e81f1b830a000966
{"match":false,"likes_remaining":100}
2018-02-18 00:19:04.214445 Like : 5569dee8655700e5323264a9
{"match":false,"likes_remaining":100}
2018-02-18 00:19:16.244171 Like : 578bf70c7acdf8ad093861c6
{"match":false,"likes_remaining":100}
2018-02-18 00:19:28.317328 Like : 5a88e67dcddb80c4208c7b6c
{"match":false,"likes_remaining":100}
2018-02-18 00:19:40.423134 Like : 5a88e970af03e2143d212dfd
{"match":false,"likes_remaining":100}
2018-02-18 00:19:52.524206 Like : 5a88e958488c44363d067b22
{"match":false,"likes_remaining":100}
2018-02-18 00:21:07.867015 Like : 5a30a358c32aba580dab8aca
{"match":false,"likes_remaining":100}
2018-02-18 00:21:19.943697 Like : 5a88da3c092974be1639dd4b
{"match":false,"likes_remaining":100}
2018-02-18 00:21:32.016291 Like : 59c441662a8aa9de35ab10e9
{"match":false,"likes_remaining":100}
2018-02-18 00:21:44.162408 Like : 5a88ea2b092974be1639eeab
{"match":false,"likes_remaining":100}
2018-02-18 00:21:56.304700 Like : 5a88e9a6cddb80c4208c7fdc
{"match":false,"likes_remaining":100}
2018-02-18 00:22:08.364235 Like : 5a88e069488c44363d06730b
{"match":false,"likes_remaining":100}
2018-02-18 00:22:20.442950 Like : 5a88e92b82e3b3df1688f3c5
{"match":false,"likes_remaining":100}
2018-02-18 00:22:32.556104 Like : 59a3bd61d3a0b3292005de8a
{"match":false,"likes_remaining":100}
2018-02-18 00:22:44.654200 Like : 5a88e1596f1acee40dc66a3e
{"match":false,"likes_remaining":100}
2018-02-18 00:22:56.744997 Like : 5a88dab66f1acee40dc66387
{"match":false,"likes_remaining":100}
2018-02-18 00:23:08.768670 Like : 5a88e3738ae8a5793df062c0
{"match":false,"likes_remaining":100}
2018-02-18 00:23:20.821859 Like : 5a88dfff033301c20d80d338
{"match":false,"likes_remaining":100}
2018-02-18 00:23:32.835593 Like : 5a88eaa6af03e2143d212e42
{"match":false,"likes_remaining":100}
2018-02-18 00:23:44.837246 Like : 5a07d294a643d19805507e15
{"match":false,"likes_remaining":100}
2018-02-18 00:23:56.975886 Like : 5a88e75bea042ca00d1af6c5
{"match":false,"likes_remaining":100}
2018-02-18 00:25:11.352718 Like : 5a88eea582e3b3df1688ff60
{"match":false,"likes_remaining":100}
2018-02-18 00:25:23.461274 Like : 5a88e69982e3b3df1688ee42
{"match":false,"likes_remaining":100}
2018-02-18 00:25:35.429841 Like : 5a88ee59033301c20d80ee7e
{"match":false,"likes_remaining":100}
2018-02-18 00:25:47.509750 Like : 5a88e9abcddb80c4208c7fe6
{"match":false,"likes_remaining":100}
2018-02-18 00:25:59.517191 Like : 5a22042ecb7bfebd77037412
{"match":false,"likes_remaining":100}
2018-02-18 00:26:11.518368 Like : 5a88e7b182e3b3df1688f06b
{"match":false,"likes_remaining":100}
2018-02-18 00:26:23.492029 Like : 5a58a3849855b5711a524205
{"match":false,"likes_remaining":100}
2018-02-18 00:26:35.511810 Like : 5a6157d912d5a9307a70f22e
{"match":false,"likes_remaining":100}
2018-02-18 00:26:47.580973 Like : 5a88dba78ae8a5793df05970
{"match":false,"likes_remaining":100}
2018-02-18 00:26:59.629360 Like : 5a88e29f033301c20d80d92c
{"match":false,"likes_remaining":100}
2018-02-18 00:27:11.836402 Like : 554a87516381b8a80ca29170
{"match":false,"likes_remaining":100}
2018-02-18 00:27:23.862032 Like : 5a88ca8dea042ca00d1aec3c
{"match":false,"likes_remaining":100}
2018-02-18 00:27:35.920490 Like : 5a88de7ccddb80c4208c75ae
{"match":false,"likes_remaining":100}
2018-02-18 00:28:50.182346 Like : 55f393894ace37691e65e4ce
{"match":false,"likes_remaining":100}
2018-02-18 00:29:02.267457 Like : 57cb454d7bb589970fe919ee
{"match":false,"likes_remaining":100}
2018-02-18 00:29:14.339776 Like : 5a88e5635fbc6de620d997c7
{"match":false,"likes_remaining":100}
2018-02-18 00:29:28.192236 Like : 56414e46f38325e04ec962a8
{"match":false,"likes_remaining":100}
2018-02-18 00:29:40.251539 Like : 53acf78944ea1f447831c18d
{"match":false,"likes_remaining":100}
2018-02-18 00:29:52.222651 Like : 59bc693aa076ce431027caa1
{"match":false,"likes_remaining":100}
2018-02-18 00:30:04.322189 Like : 59052f04c2d7177d7926f2b0
{"match":false,"likes_remaining":100}
2018-02-18 00:30:18.285243 Like : 59148440f0a1a5af6e558707
{"match":false,"likes_remaining":100}
2018-02-18 00:30:30.424152 Like : 54f850438e6a6a5f77867f4a
{"match":false,"likes_remaining":100}
2018-02-18 00:31:45.530381 Like : 5a80e2ba12c0389c16f219e3
{"match":false,"likes_remaining":100}
2018-02-18 00:31:57.738741 Like : 5a88ece75fbc6de620d99fd8
{"match":false,"likes_remaining":100}
2018-02-18 00:32:09.800200 Like : 5a88df3fc6267f7a1647d3ab
{"match":false,"likes_remaining":100}
2018-02-18 00:32:21.853325 Like : 59b5b0a71d1b38ae3cb99d5b
{"match":false,"likes_remaining":100}
2018-02-18 00:32:33.883190 Like : 5a88dedb033301c20d80d06e
{"match":false,"likes_remaining":100}
2018-02-18 00:32:45.898659 Like : 57bbd1378a730da50a5d25f6
{"match":false,"likes_remaining":100}
2018-02-18 00:32:57.879446 Like : 56b3fdf348eae8102a497c00
{"match":false,"likes_remaining":100}
2018-02-18 00:33:09.980919 Like : 5a88dfd2033301c20d80d2d5
{"match":false,"likes_remaining":100}
2018-02-18 00:33:21.990542 Like : 5a88da482431eea1200bf4ee
{"match":false,"likes_remaining":100}
2018-02-18 00:34:36.675855 Like : 5a88f2942431eea1200c141d
{"match":false,"likes_remaining":100}
2018-02-18 00:34:48.881073 Like : 53ac9d796e798dd65fc2d319
{"match":false,"likes_remaining":100}
2018-02-18 00:35:00.945745 Like : 5a88dedb033301c20d80d06e
{"match":false,"likes_remaining":100}
2018-02-18 00:35:12.984077 Like : 5a88daa882e3b3df1688e551
{"match":false,"likes_remaining":100}
2018-02-18 00:35:24.944636 Like : 5392218856ba04880e01654a
{"match":false,"likes_remaining":100}
2018-02-18 00:35:36.978897 Like : 5a88e1596f1acee40dc66a3e
{"match":false,"likes_remaining":100}
2018-02-18 00:35:48.956742 Like : 5425c5ae45abe8682aed1b35
{"match":false,"likes_remaining":100}
2018-02-18 00:36:00.986104 Like : 56f3f617dd7635fc481755c7
{"match":false,"likes_remaining":100}
2018-02-18 00:36:13.054907 Like : 5a88f1e05fbc6de620d9a4db
{"match":false,"likes_remaining":100}
2018-02-18 00:36:25.067582 Like : 525a3d4d2eb7c2f2080026c7
{"match":false,"likes_remaining":100}
2018-02-18 00:36:37.045663 Like : 5802a5d5cba705ac4c2035b9
{"match":false,"likes_remaining":100}
2018-02-18 00:36:49.147126 Like : 5a88dba78ae8a5793df05970
{"match":false,"likes_remaining":100}
2018-02-18 00:37:01.140839 Like : 56d25e00f1b765326e395292
{"match":false,"likes_remaining":100}
2018-02-18 00:37:15.168005 Like : 5a88d9ad3f9d400721008202
{"match":false,"likes_remaining":100}
2018-02-18 00:38:29.815523 Like : 5a88d9316f1acee40dc661cb
{"match":false,"likes_remaining":100}
2018-02-18 00:38:41.794384 Like : 59c437ec2a8aa9de35ab09c1
{"match":false,"likes_remaining":100}
2018-02-18 00:38:53.812010 Like : 5a88e3feaf03e2143d2127a2
{"match":false,"likes_remaining":100}
2018-02-18 00:39:05.869614 Like : 5994bc0ebfbd2adf7c17747b
{"match":false,"likes_remaining":100}
2018-02-18 00:39:17.877581 Like : 560150206d70119001bff582
{"match":false,"likes_remaining":100}
2018-02-18 00:39:29.884469 Like : 58e98789dd715c0128d96335
{"match":false,"likes_remaining":100}
2018-02-18 00:40:44.967080 Like : 5a88ef3e5fbc6de620d9a221
{"match":false,"likes_remaining":100}
2018-02-18 00:40:56.996705 Like : 59e2f43b4094b87533e30323
{"match":false,"likes_remaining":100}
2018-02-18 00:41:09.067440 Like : 57a27a6b1993be850a29d5b8
{"match":false,"likes_remaining":100}
2018-02-18 00:41:21.082327 Like : 5993ac57bfbd2adf7c16b6ef
{"match":false,"likes_remaining":100}
2018-02-18 00:41:33.226122 Like : 5a88ef418ae8a5793df079f3
{"match":false,"likes_remaining":100}
2018-02-18 00:41:45.396882 Like : 5a88ddbc092974be1639e4aa
{"match":false,"likes_remaining":100}
2018-02-18 00:41:57.390507 Like : 582a997d354e03dd2ede1ed9
{"match":false,"likes_remaining":100}
2018-02-18 00:42:09.567576 Like : 5a86eb48488c44363d05033b
{"match":false,"likes_remaining":100}
2018-02-18 00:42:21.549519 Like : 5a88dd13488c44363d066dba
{"match":false,"likes_remaining":100}
2018-02-18 00:42:33.660687 Like : 58ca2843c867906709712d02
{"match":false,"likes_remaining":100}
2018-02-18 00:43:47.842370 Like : 5998c9f357ad3fcd5cd12ab3
{"match":false,"likes_remaining":100}
2018-02-18 00:43:59.864481 Like : 5a88ec9f033301c20d80ebff
{"match":false,"likes_remaining":100}
2018-02-18 00:44:12.085421 Like : 5a74bb12215579a40b87f7aa
{"match":false,"likes_remaining":100}
2018-02-18 00:44:24.116939 Like : 5a6bda52d5f734640c72fffc
{"match":false,"likes_remaining":100}
2018-02-18 00:44:36.153395 Like : 52ebe99a085d48af5200641c
{"match":false,"likes_remaining":100}
2018-02-18 00:44:48.153143 Like : 5a88f16fcddb80c4208c887f
{"match":false,"likes_remaining":100}
2018-02-18 00:45:00.167646 Like : 5a5a89261364b39f276f5a2a
{"match":false,"likes_remaining":100}
2018-02-18 00:45:12.151898 Like : 59969600ac0e75295d36dc43
{"match":false,"likes_remaining":100}
2018-02-18 00:45:24.240260 Like : 5a88d9aa488c44363d06661c
{"match":false,"likes_remaining":100}
2018-02-18 00:45:36.241682 Like : 5a88edb88ae8a5793df0762e
{"match":false,"likes_remaining":100}
2018-02-18 00:46:50.622859 Like : 5a29c4eebd5e8a4c292b7249
{"match":false,"likes_remaining":100}
2018-02-18 00:47:02.636293 Like : 55e3ceb33a0cefae3b158004
{"match":false,"likes_remaining":100}
2018-02-18 00:47:14.671135 Like : 549386cb74ca82956ed9c9b1
{"match":false,"likes_remaining":100}
2018-02-18 00:47:26.726323 Like : 55370bb16b53f81174c04d49
{"match":false,"likes_remaining":100}
2018-02-18 00:47:38.834761 Like : 5415c02b198f277a08a6ba49
{"match":false,"likes_remaining":100}
2018-02-18 00:47:50.866097 Like : 597baae97bbfc3f91b95bb42
{"match":false,"likes_remaining":100}
2018-02-18 00:48:02.856582 Like : 589d5955f0d5f8751940896c
{"match":false,"likes_remaining":100}
2018-02-18 00:48:14.954972 Like : 57ba86196069acb40a08c995
{"match":false,"likes_remaining":100}
2018-02-18 00:48:27.217287 Like : 59b1ef9818886bde0ba4bff8
{"match":false,"likes_remaining":100}
2018-02-18 00:48:39.416207 Like : 580986e7128e0bf2210f2fff
{"match":false,"likes_remaining":100}
------------------------------------FIN---------------------------------------------
2018-02-18 01:00:06.080850 Like : 5a88f3a52431eea1200c1541
{"match":false,"likes_remaining":100}
2018-02-18 01:00:18.909069 Like : 58596ee4bc685c46756139a4
{"match":false,"likes_remaining":100}
2018-02-18 01:00:31.118727 Like : 5a88f2d18ae8a5793df08202
{"match":false,"likes_remaining":100}
2018-02-18 01:00:43.213485 Like : 5763d463b0453d032875b001
{"match":false,"likes_remaining":100}
2018-02-18 01:00:55.245424 Like : 5a88f3f58ae8a5793df084a9
{"match":false,"likes_remaining":100}
2018-02-18 01:01:07.254564 Like : 567064c15342deb704a728f7
{"match":false,"likes_remaining":100}
2018-02-18 01:01:19.307542 Like : 5a6ea4a7f10d31a17ae52f24
{"match":false,"likes_remaining":100}
2018-02-18 01:01:31.367706 Like : 5a88f3c3b21b77060ebc1000
{"match":false,"likes_remaining":100}
2018-02-18 01:01:43.409443 Like : 5a88ed5b5fbc6de620d9a047
{"match":false,"likes_remaining":100}
2018-02-18 01:01:55.424079 Like : 56621c47f0359903167cdfe7
{"match":false,"likes_remaining":100}
2018-02-18 01:03:09.795695 Like : 5a88f035488c44363d067c30
{"match":false,"likes_remaining":100}
2018-02-18 01:03:21.845601 Like : 5a88f538488c44363d067f26
{"match":false,"likes_remaining":100}
2018-02-18 01:03:33.906423 Like : 5a88f397ea042ca00d1afab8
{"match":false,"likes_remaining":100}
2018-02-18 01:03:45.956105 Like : 5a88f4f3488c44363d067ec9
{"match":false,"likes_remaining":100}
2018-02-18 01:03:58.038271 Like : 5a88f4e4488c44363d067eaa
{"match":false,"likes_remaining":100}
2018-02-18 01:05:10.123562 No hay resultados
{u'message': u'recs timeout'}
------------------------------------FIN---------------------------------------------
2018-02-18 02:00:06.503234 Like : 5a88f3dd3f9d40072100857a
{"match":false,"likes_remaining":100}
2018-02-18 02:00:18.473542 Like : 5a88f9348ae8a5793df08afd
{"match":false,"likes_remaining":100}
2018-02-18 02:00:30.486197 Like : 5a88ff8c12c0389c16f806a0
{"match":false,"likes_remaining":100}
2018-02-18 02:00:42.538159 Like : 5a88f6e95fbc6de620d9a8fd
{"match":false,"likes_remaining":100}
2018-02-18 02:00:54.545056 Like : 5883bb81d10a6931570ad60c
{"match":false,"likes_remaining":100}
2018-02-18 02:01:06.557309 Like : 59d941fc12e661964bf993f6
{"match":false,"likes_remaining":100}
2018-02-18 02:01:18.610958 Like : 5a88f4ac488c44363d067e62
{"match":false,"likes_remaining":100}
2018-02-18 02:01:30.991590 Like : 5a88ecee82e3b3df1688fbc5
{"match":false,"likes_remaining":100}
2018-02-18 02:01:43.000314 Like : 53b5b751f021157c3ee53271
{"match":false,"likes_remaining":100}
2018-02-18 02:01:54.991255 Like : 58625dea949de4f950523dbb
{"match":false,"likes_remaining":100}
2018-02-18 02:02:07.034650 Like : 5a88eea1cddb80c4208c859d
{"match":false,"likes_remaining":100}
2018-02-18 02:02:19.090542 Like : 5a88f3918ae8a5793df083d6
{"match":false,"likes_remaining":100}
2018-02-18 02:02:31.121616 Like : 5a4d0d00702237291d18a9b2
{"match":false,"likes_remaining":100}
2018-02-18 02:02:43.283635 Like : 5a88f10c092974be1639f3a4
{"match":false,"likes_remaining":100}
2018-02-18 02:02:55.265159 Like : 588e32ce39b242c70a857a14
{"match":false,"likes_remaining":100}
2018-02-18 02:04:09.665672 Like : 5a88f4b5488c44363d067e6f
{"match":false,"likes_remaining":100}
2018-02-18 02:04:23.505926 Like : 5a88ff6e2431eea1200c22cf
{"match":false,"likes_remaining":100}
2018-02-18 02:04:35.576325 Like : 5a88f3dd3f9d40072100857a
{"match":false,"likes_remaining":100}
2018-02-18 02:04:47.568355 Like : 5a890394af03e2143d21347f
{"match":false,"likes_remaining":100}
2018-02-18 02:04:59.572063 Like : 5a88f689488c44363d0680ea
{"match":false,"likes_remaining":100}
2018-02-18 02:05:11.562374 Like : 5a89028e3f9d400721008e91
{"match":false,"likes_remaining":100}
2018-02-18 02:05:23.538159 Like : 5a8903a0033301c20d811511
{"match":false,"likes_remaining":100}
2018-02-18 02:05:35.492857 Like : 5a8900d2c6267f7a1647e4d4
{"match":false,"likes_remaining":100}
2018-02-18 02:05:47.496714 Like : 5a88f7173f9d40072100868e
{"match":false,"likes_remaining":100}
2018-02-18 02:05:59.548990 Like : 5a89013a82e3b3df168918b8
{"match":false,"likes_remaining":100}
2018-02-18 02:06:11.647294 Like : 5a88f51fc6267f7a1647dd7a
{"match":false,"likes_remaining":100}
2018-02-18 02:06:23.658961 Like : 5a8902e12431eea1200c2a24
{"match":false,"likes_remaining":100}
2018-02-18 02:07:37.891338 Like : 5a88f7d9af03e2143d2130fe
{"match":false,"likes_remaining":100}
2018-02-18 02:07:49.999264 Like : 5a8903af2431eea1200c2be0
{"match":false,"likes_remaining":100}
2018-02-18 02:08:02.077134 Like : 569461087cf72da740bb9ada
{"match":false,"likes_remaining":100}
2018-02-18 02:08:14.093311 Like : 5a88f7173f9d40072100868e
{"match":false,"likes_remaining":100}
2018-02-18 02:08:26.267786 Like : 5403f1614ceef9b935be57c1
{"match":false,"likes_remaining":100}
2018-02-18 02:08:38.294271 Like : 5a824f89c6267f7a16423d7a
{"match":false,"likes_remaining":100}
2018-02-18 02:08:50.294586 Like : 5a890546033301c20d81185d
{"match":false,"likes_remaining":100}
2018-02-18 02:09:02.324881 Like : 5a88f7b32431eea1200c1830
{"match":false,"likes_remaining":100}
2018-02-18 02:09:14.371572 Like : 5a8905eb033301c20d811986
{"match":false,"likes_remaining":100}
2018-02-18 02:09:26.364006 Like : 5a88f78012c0389c16f7fde4
{"match":false,"likes_remaining":100}
2018-02-18 02:10:40.683493 Like : 56bec2c1171bb36d07e14e0f
{"match":false,"likes_remaining":100}
2018-02-18 02:10:52.707067 Like : 599c4b00f6b7eaf82c1388d9
{"match":false,"likes_remaining":100}
2018-02-18 02:11:04.737073 Like : 58b76c51c2294f0e473f657d
{"match":false,"likes_remaining":100}
2018-02-18 02:12:20.101164 Like : 537b88b1fc3881113aac9e16
{"match":false,"likes_remaining":100}
2018-02-18 02:12:32.078939 Like : 5a88f83712c0389c16f7feaa
{"match":false,"likes_remaining":100}
2018-02-18 02:12:44.115239 Like : 5a89058e488c44363d0691df
{"match":false,"likes_remaining":100}
2018-02-18 02:12:56.130357 Like : 5a8907b0c6267f7a1647eb15
{"match":false,"likes_remaining":100}
2018-02-18 02:13:08.164439 Like : 5a88fc7a2431eea1200c1d09
{"match":false,"likes_remaining":100}
2018-02-18 02:13:20.233271 Like : 5a89023c092974be1639f4c3
{"match":false,"likes_remaining":100}
2018-02-18 02:13:32.268244 Like : 57267ea1152f26151fdcffb2
{"match":false,"likes_remaining":100}
2018-02-18 02:13:44.274804 Like : 5a890896033301c20d811ec2
{"match":false,"likes_remaining":100}
2018-02-18 02:13:56.344351 Like : 5a8909b73f9d40072100941d
{"match":false,"likes_remaining":100}
2018-02-18 02:14:08.430099 Like : 5a839bfe488c44363d0277e1
{"match":false,"likes_remaining":100}
2018-02-18 02:14:20.493971 Like : 5a88fd303f9d4007210089b0
{"match":false,"likes_remaining":100}
2018-02-18 02:14:32.535507 Like : 5a8908b882e3b3df16891fe7
{"match":false,"likes_remaining":100}
2018-02-18 02:14:44.649076 Like : 5a890948033301c20d812013
{"match":false,"likes_remaining":100}
2018-02-18 02:14:56.676482 Like : 5a88f8988ae8a5793df08a32
{"match":false,"likes_remaining":100}
2018-02-18 02:15:08.732804 Like : 5a8900c46f1acee40dc67149
{"match":false,"likes_remaining":100}
2018-02-18 02:16:23.039339 Like : 5a88ff56033301c20d810bec
{"match":false,"likes_remaining":100}
2018-02-18 02:16:35.023805 Like : 5a8907b0c6267f7a1647eb15
{"match":false,"likes_remaining":100}
2018-02-18 02:16:46.998448 Like : 5a89067f82e3b3df16891e09
{"match":false,"likes_remaining":100}
2018-02-18 02:16:59.114091 Like : 5a89042dc6267f7a1647e84d
{"match":false,"likes_remaining":100}
2018-02-18 02:17:11.165891 Like : 5a8906ec3f9d4007210091f2
{"match":false,"likes_remaining":100}
2018-02-18 02:17:23.203408 Like : 548a5b482b9eda8a41fb7f05
{"match":false,"likes_remaining":100}
2018-02-18 02:17:35.266786 Like : 5a0c86a85b328a2b7118d9bc
{"match":false,"likes_remaining":100}
2018-02-18 02:17:47.371001 Like : 584fd139a7e0244b0a24c07d
{"match":false,"likes_remaining":100}
2018-02-18 02:17:59.338616 Like : 5a88ff3e033301c20d810bbd
{"match":false,"likes_remaining":100}
2018-02-18 02:18:11.363010 Like : 5a88fd7782e3b3df16891344
{"match":false,"likes_remaining":100}
2018-02-18 02:18:23.401344 Like : 5a890ad38ae8a5793df0a02c
{"match":false,"likes_remaining":100}
2018-02-18 02:18:35.495056 Like : 5a8908002431eea1200c3471
{"match":false,"likes_remaining":100}
2018-02-18 02:19:49.905494 Like : 5a528912bea73a546a128f1e
{"match":false,"likes_remaining":100}
2018-02-18 02:20:01.907352 Like : 58bcc0cd4df68c3330f66db8
{"match":false,"likes_remaining":100}
2018-02-18 02:20:14.031703 Like : 5a88fe2812c0389c16f80524
{"match":false,"likes_remaining":100}
2018-02-18 02:20:26.279109 Like : 5a88ff05488c44363d0689ec
{"match":false,"likes_remaining":100}
2018-02-18 02:20:38.327496 Like : 57393f3a433c18470b1cbdd4
{"match":false,"likes_remaining":100}
2018-02-18 02:20:50.379136 Like : 562292215464b1d675e6059c
{"match":false,"likes_remaining":100}
2018-02-18 02:21:02.404327 Like : 5a89023e2431eea1200c28c8
{"match":false,"likes_remaining":100}
2018-02-18 02:21:14.404725 Like : 5a89036a3f9d400721008f30
{"match":false,"likes_remaining":100}
2018-02-18 02:21:26.413413 Like : 5a89047c82e3b3df16891c46
{"match":false,"likes_remaining":100}
2018-02-18 02:21:38.426639 Like : 59b300223532e2e531fc4c27
{"match":false,"likes_remaining":100}
2018-02-18 02:22:53.803251 Like : 5a7b22f5b7f157a065f02984
{"match":false,"likes_remaining":100}
2018-02-18 02:23:05.826798 Like : 5877db241debc79b72666608
{"match":false,"likes_remaining":100}
2018-02-18 02:23:17.825529 Like : 5a88ff8e488c44363d068a7f
{"match":false,"likes_remaining":100}
2018-02-18 02:23:29.930936 Like : 5a890b972431eea1200c3b2c
{"match":false,"likes_remaining":100}
2018-02-18 02:23:41.957845 Like : 5a88ff05488c44363d0689ec
{"match":false,"likes_remaining":100}
2018-02-18 02:23:54.002752 Like : 5a8901bf488c44363d068d24
{"match":false,"likes_remaining":100}
2018-02-18 02:24:06.049141 Like : 5a890900033301c20d811f84
{"match":false,"likes_remaining":100}
2018-02-18 02:24:18.143633 Like : 5998e7ec03af1ed72d2c0556
{"match":false,"likes_remaining":100}
2018-02-18 02:24:30.187359 Like : 5a88f74412c0389c16f7fda5
{"match":false,"likes_remaining":100}
2018-02-18 02:24:42.249759 Like : 5884d6da98c58c5a0a60a2ec
{"match":false,"likes_remaining":100}
2018-02-18 02:24:54.343936 Like : 53f16f55041e05233ece0c55
{"match":false,"likes_remaining":100}
2018-02-18 02:25:06.341046 Like : 5a890a8e092974be1639fd25
{"match":false,"likes_remaining":100}
2018-02-18 02:25:18.342569 Like : 5a88fcb7488c44363d0687a5
{"match":false,"likes_remaining":100}
2018-02-18 02:25:30.375185 Like : 5a88fd47ea042ca00d1b0353
{"match":false,"likes_remaining":100}
2018-02-18 02:26:44.600079 Like : 56cfaad7c283e70b118b0311
{"match":false,"likes_remaining":100}
2018-02-18 02:26:56.654757 Like : 5a88f941488c44363d068443
{"match":false,"likes_remaining":100}
2018-02-18 02:27:08.758562 Like : 5643f4909fec537579263f4c
{"match":false,"likes_remaining":100}
2018-02-18 02:27:20.801068 Like : 5a88ff56033301c20d810bec
{"match":false,"likes_remaining":100}
2018-02-18 02:27:32.879118 Like : 5a8900c46f1acee40dc67149
{"match":false,"likes_remaining":100}
2018-02-18 02:27:44.900020 Like : 5a88fe7d488c44363d068955
{"match":false,"likes_remaining":100}
2018-02-18 02:27:56.971623 Like : 5a2a0e3c666ffa09291b7b22
{"match":false,"likes_remaining":100}
2018-02-18 02:28:08.990656 Like : 5a890bc13f9d4007210095b9
{"match":false,"likes_remaining":100}
2018-02-18 02:28:21.023455 Like : 5a890bd1033301c20d8124e9
{"match":false,"likes_remaining":100}
2018-02-18 02:28:33.094053 Like : 5a890ae7af03e2143d213ee7
{"match":false,"likes_remaining":100}
2018-02-18 02:28:45.162685 Like : 5a8767b6c6267f7a1646c126
{"match":false,"likes_remaining":100}
2018-02-18 02:28:57.211954 Like : 5a88ff26033301c20d810b8d
{"match":false,"likes_remaining":100}
2018-02-18 02:30:11.826600 Like : 58570285fb6a204261255db7
{"match":false,"likes_remaining":100}
2018-02-18 02:30:23.944245 Like : 5a88f8e9c6267f7a1647e1b7
{"match":false,"likes_remaining":100}
2018-02-18 02:30:36.000140 Like : 57e2b873b72774bc7fccc687
{"match":false,"likes_remaining":100}
2018-02-18 02:30:48.033357 Like : 5a88ff8e488c44363d068a7f
{"match":false,"likes_remaining":100}
2018-02-18 02:31:00.216878 Like : 57371af774a515b0194a6a69
{"match":false,"likes_remaining":100}
2018-02-18 02:31:12.248715 Like : 5931f27e1cb2bb6b6253ee84
{"match":false,"likes_remaining":100}
2018-02-18 02:31:24.244134 Like : 54f0273ff3ae7e3f6f29893e
{"match":false,"likes_remaining":100}
2018-02-18 02:31:36.500358 Like : 57df2388333e5d2a0e105399
{"match":false,"likes_remaining":100}
2018-02-18 02:31:48.897316 Like : 564fb95b700a436d63a49154
{"match":false,"likes_remaining":100}
2018-02-18 02:33:04.359461 Like : 5293b5ee2f9e926026000178
{"match":false,"likes_remaining":100}
2018-02-18 02:33:16.435598 Like : 5470142041f1f59318ac7e48
{"match":false,"likes_remaining":100}
2018-02-18 02:33:28.436544 Like : 5a88faaf8ae8a5793df08d2c
{"match":false,"likes_remaining":100}
2018-02-18 02:33:40.501551 Like : 5a88fc53ea042ca00d1b0249
{"match":false,"likes_remaining":100}
2018-02-18 02:33:52.488870 Like : 5a890e6582e3b3df16892333
{"match":false,"likes_remaining":100}
2018-02-18 02:34:04.451280 Like : 5a696d8c9781aebb7a7090c2
{"match":false,"likes_remaining":100}
2018-02-18 02:34:16.558062 Like : 5a890ed8b21b77060ebc1467
{"match":false,"likes_remaining":100}
2018-02-18 02:34:28.778847 Like : 5a890cf52431eea1200c3dc7
{"match":false,"likes_remaining":100}
2018-02-18 02:34:40.948153 Like : 588fef74866954370239e7d9
{"match":false,"likes_remaining":100}
2018-02-18 02:34:52.996732 Like : 5a890007033301c20d810d55
{"match":false,"likes_remaining":100}
2018-02-18 02:36:07.499940 Like : 57833794ce59ed270a9482b0
{"match":false,"likes_remaining":100}
2018-02-18 02:36:19.569705 Like : 58589ec24608200d2e05fdad
{"match":false,"likes_remaining":100}
2018-02-18 02:36:31.758610 Like : 593a308b79b8de094f2ef25d
{"match":false,"likes_remaining":100}
2018-02-18 02:37:46.905577 Like : 599117401161822a4caadb9f
{"match":false,"likes_remaining":100}
2018-02-18 02:37:58.999304 Like : 5a890cb1092974be1639ff74
{"match":false,"likes_remaining":100}
2018-02-18 02:38:11.088592 Like : 5894ef1183852ee86263b8fa
{"match":false,"likes_remaining":100}
2018-02-18 02:38:24.281434 Like : 5a8725ef6f1acee40dc52831
{"match":false,"likes_remaining":100}
2018-02-18 02:38:36.308543 Like : 5670e0e3fccf332807c0ce82
{"match":false,"likes_remaining":100}
2018-02-18 02:38:48.413575 Like : 5a77eb6c6ca3416526eba920
{"match":false,"likes_remaining":100}
2018-02-18 02:39:00.895160 Like : 59ab7ae1804b5dcd02d8ad60
{"match":false,"likes_remaining":100}
2018-02-18 02:39:12.920605 Like : 5a890ccb2431eea1200c3d6d
{"match":false,"likes_remaining":100}
2018-02-18 02:39:24.926971 Like : 59601cac8439c3e37292a29a
{"match":false,"likes_remaining":100}
2018-02-18 02:39:36.909861 Like : 5483c0b98d9925fb5ab68feb
{"match":false,"likes_remaining":100}
2018-02-18 02:40:51.279975 Like : 5a69b6859781aebb7a70a817
{"match":false,"likes_remaining":100}
2018-02-18 02:41:03.354347 Like : 5a890c40033301c20d8125b6
{"match":false,"likes_remaining":100}
2018-02-18 02:41:15.384993 Like : 5a890d25033301c20d81276a
{"match":false,"likes_remaining":100}
2018-02-18 02:41:27.440730 Like : 599acec78418afff5cd99e87
{"match":false,"likes_remaining":100}
2018-02-18 02:41:39.462125 Like : 573292ac32a2304323c990af
{"match":false,"likes_remaining":100}
2018-02-18 02:41:51.509341 Like : 5389667d2638c9727f957ad8
{"match":false,"likes_remaining":100}
2018-02-18 02:42:03.501517 Like : 5a890d99af03e2143d21440d
{"match":false,"likes_remaining":100}
2018-02-18 02:42:15.594192 Like : 5a890b202431eea1200c3a53
{"match":false,"likes_remaining":100}
2018-02-18 02:43:30.044109 Like : 5a890cb1092974be1639ff74
{"match":false,"likes_remaining":100}
2018-02-18 02:43:42.205318 Like : 5a890212033301c20d8111b8
{"match":false,"likes_remaining":100}
2018-02-18 02:43:54.278211 Like : 5a890eb5092974be163a01be
{"match":false,"likes_remaining":100}
2018-02-18 02:44:06.390869 Like : 5a890f87af03e2143d214805
{"match":false,"likes_remaining":100}
2018-02-18 02:44:18.451233 Like : 5a890c3c092974be1639fef5
{"match":false,"likes_remaining":100}
------------------------------------FIN---------------------------------------------
2018-02-18 03:00:03.562978 No hay resultados
{u'message': u'recs timeout'}
------------------------------------FIN---------------------------------------------
2018-02-18 04:00:06.990098 Like : 587c55e0ebfe83205f44b9df
{"match":false,"likes_remaining":100}
2018-02-18 04:00:19.047738 Like : 5a890ee7092974be163a01f2
{"match":false,"likes_remaining":100}
2018-02-18 04:00:31.132086 Like : 5a891bc4af03e2143d2157ad
{"match":false,"likes_remaining":100}
2018-02-18 04:00:43.163094 Like : 598913ec646ffb2c137463d1
{"match":false,"likes_remaining":100}
2018-02-18 04:00:55.229208 Like : 5485329bf8378b1b76c6dfc3
{"match":false,"likes_remaining":100}
2018-02-18 04:01:07.219220 Like : 5a891060092974be163a03b2
{"match":false,"likes_remaining":100}
2018-02-18 04:01:19.206983 Like : 5a891fa612c0389c16f811dc
{"match":false,"likes_remaining":100}
2018-02-18 04:01:31.252406 Like : 5a891028af03e2143d214954
{"match":false,"likes_remaining":100}
2018-02-18 04:01:43.340354 Like : 5a8911056f1acee40dc67e19
{"match":false,"likes_remaining":100}
2018-02-18 04:01:55.449307 Like : 5a890f8e5fbc6de620d9afa9
{"match":false,"likes_remaining":100}
2018-02-18 04:02:08.936478 Like : 5a891a69c6267f7a1647f7dc
{"match":false,"likes_remaining":100}
2018-02-18 04:02:20.966443 Like : 5a891a7012c0389c16f80cab
{"match":false,"likes_remaining":100}
2018-02-18 04:02:33.031482 Like : 5873116c7275d0714dcf31cf
{"match":false,"likes_remaining":100}
2018-02-18 04:03:47.574973 Like : 5a6f0f37d5f734640c756af6
{"match":false,"likes_remaining":100}
2018-02-18 04:03:59.611561 Like : 53ff927a6713c5b52caa7e67
{"match":false,"likes_remaining":100}
2018-02-18 04:04:11.679531 Like : 53e2dd3c0ce64f5879d68332
{"match":false,"likes_remaining":100}
2018-02-18 04:04:23.678280 Like : 5a872be63f9d400721ff71a8
{"match":false,"likes_remaining":100}
2018-02-18 04:04:35.824624 Like : 532f99866acb4d30790017b7
{"match":false,"likes_remaining":100}
2018-02-18 04:04:47.796504 Like : 5a8910da033301c20d812cf3
{"match":false,"likes_remaining":100}
2018-02-18 04:04:59.800584 Like : 5a892043488c44363d069cc7
{"match":false,"likes_remaining":100}
2018-02-18 04:05:11.877380 Like : 5a2b6be135e23591160aa394
{"match":false,"likes_remaining":100}
2018-02-18 04:06:27.226529 Like : 5a891364033301c20d813134
{"match":false,"likes_remaining":100}
2018-02-18 04:06:39.247176 Like : 5a891d4412c0389c16f80f8d
{"match":false,"likes_remaining":100}
2018-02-18 04:06:51.308668 Like : 590e75fcaa4a0bc10c258e9b
{"match":false,"likes_remaining":100}
2018-02-18 04:07:03.541315 Like : 530e9b62c72b8ffa1a0001c4
{"match":false,"likes_remaining":100}
2018-02-18 04:07:15.519384 Like : 56f88cc4b6b235eb5488e9e1
{"match":false,"likes_remaining":100}
2018-02-18 04:07:27.581784 Like : 5a8914188ae8a5793df0a6a2
{"match":false,"likes_remaining":100}
2018-02-18 04:07:39.642480 Like : 5545c7029d751e79798f79c4
{"match":false,"likes_remaining":100}
2018-02-18 04:07:51.855246 Like : 559c890f0fcca6483118a09f
{"match":false,"likes_remaining":100}
2018-02-18 04:08:03.863885 Like : 588e6020ff775d8d0abfaf30
{"match":false,"likes_remaining":100}
2018-02-18 04:08:15.897060 Like : 5a8924f7b21b77060ebc22d9
{"match":false,"likes_remaining":100}
2018-02-18 04:08:28.165988 Like : 537554ad08427fcf33003157
{"match":false,"likes_remaining":100}
2018-02-18 04:09:42.493347 Like : 5a89193bb21b77060ebc18eb
{"match":false,"likes_remaining":100}
2018-02-18 04:09:54.596310 Like : 5a89247ec6267f7a1647fdd3
{"match":false,"likes_remaining":100}
2018-02-18 04:10:06.610988 Like : 5a891f6bc6267f7a1647fa14
{"match":false,"likes_remaining":100}
2018-02-18 04:10:18.604375 Like : 5a8920588ae8a5793df0aebc
{"match":false,"likes_remaining":100}
2018-02-18 04:11:33.988289 Like : 5a8919a53f9d4007210098ba
{"match":false,"likes_remaining":100}
2018-02-18 04:11:45.963220 Like : 5a8917125fbc6de620d9b46b
{"match":false,"likes_remaining":100}
2018-02-18 04:11:57.944377 Like : 5a24978c9c3119087d408f37
{"match":false,"likes_remaining":100}
2018-02-18 04:12:10.006036 Like : 5a891d4412c0389c16f80f8d
{"match":false,"likes_remaining":100}
2018-02-18 04:12:22.046310 Like : 5a891ee3b21b77060ebc1eae
{"match":false,"likes_remaining":100}
2018-02-18 04:12:34.097539 Like : 5a096a2f9ff213da03eb0c95
{"match":false,"likes_remaining":100}
2018-02-18 04:12:46.034806 Like : 57211838edab5ed60b2734ea
{"match":false,"likes_remaining":100}
2018-02-18 04:12:58.051425 Like : 5a89233d3f9d400721009c8f
{"match":false,"likes_remaining":100}
2018-02-18 04:13:10.036640 Like : 5a8921b53f9d400721009b39
{"match":false,"likes_remaining":100}
2018-02-18 04:13:22.056713 Like : 5a891ea95fbc6de620d9b9e2
{"match":false,"likes_remaining":100}
2018-02-18 04:13:34.181918 Like : 58f40606fb6535500bcbfabd
{"match":false,"likes_remaining":100}
2018-02-18 04:13:46.250744 Like : 5a891c9012c0389c16f80ecc
{"match":false,"likes_remaining":100}
2018-02-18 04:13:58.410443 Like : 5a7fcb7b6f1acee40dbff670
{"match":false,"likes_remaining":100}
2018-02-18 04:15:12.805995 Like : 5a891d62033301c20d813baf
{"match":false,"likes_remaining":100}
2018-02-18 04:15:24.895826 Like : 5a891ed0033301c20d813d15
{"match":false,"likes_remaining":100}
2018-02-18 04:15:36.868761 Like : 5a891ede488c44363d069b01
{"match":false,"likes_remaining":100}
2018-02-18 04:15:48.844118 Like : 5a8917125fbc6de620d9b46b
{"match":false,"likes_remaining":100}
2018-02-18 04:16:01.005940 Like : 5a891ee3b21b77060ebc1eae
{"match":false,"likes_remaining":100}
2018-02-18 04:16:13.007992 Like : 53c2141d62d548fc6cc6cc65
{"match":false,"likes_remaining":100}
2018-02-18 04:17:28.284856 Like : 5a891acf2431eea1200c5565
{"match":false,"likes_remaining":100}
2018-02-18 04:17:40.306332 Like : 5a89173e2431eea1200c51da
{"match":false,"likes_remaining":100}
2018-02-18 04:17:52.354828 Like : 5a8916fe488c44363d0694cf
{"match":false,"likes_remaining":100}
2018-02-18 04:18:04.347597 Like : 5a891d2e6f1acee40dc685a9
{"match":false,"likes_remaining":100}
2018-02-18 04:18:16.328881 Like : 5a8914e52431eea1200c4da9
{"match":false,"likes_remaining":100}
2018-02-18 04:18:28.648868 Like : 5a8908d3c6267f7a1647ebf9
{"match":false,"likes_remaining":100}
2018-02-18 04:18:40.646249 Like : 5a1c501fdb01d9126da11295
{"match":false,"likes_remaining":100}
2018-02-18 04:18:52.909822 Like : 5a8913502431eea1200c4ace
{"match":false,"likes_remaining":100}
2018-02-18 04:19:05.040147 Like : 5340b7eeab3c04c13e00224b
{"match":false,"likes_remaining":100}
2018-02-18 04:19:17.045068 Like : 5938a7c02854a198255f6c51
{"match":false,"likes_remaining":100}
2018-02-18 04:20:31.615867 Like : 5a82426612c0389c16f33dc3
{"match":false,"likes_remaining":100}
2018-02-18 04:20:43.682769 Like : 5a8908d3c6267f7a1647ebf9
{"match":false,"likes_remaining":100}
2018-02-18 04:20:55.683142 Like : 5a891364033301c20d813134
{"match":false,"likes_remaining":100}
2018-02-18 04:21:07.930519 Like : 5a8916fe488c44363d0694cf
{"match":false,"likes_remaining":100}
2018-02-18 04:21:20.038591 Like : 5a8927183f9d40072100a00e
{"match":false,"likes_remaining":100}
2018-02-18 04:21:32.170892 Like : 5a89125a092974be163a05ff
{"match":false,"likes_remaining":100}
2018-02-18 04:21:44.186202 Like : 5a89164b2431eea1200c501c
{"match":false,"likes_remaining":100}
2018-02-18 04:22:59.694306 Like : 5a0a49447a6fa60d71e1c109
{"match":false,"likes_remaining":100}
2018-02-18 04:23:11.733804 Like : 56ce4c5e982e78c15fa645a2
{"match":false,"likes_remaining":100}
2018-02-18 04:23:23.759548 Like : 5a8916e58ae8a5793df0a903
{"match":false,"likes_remaining":100}
2018-02-18 04:23:35.881224 Like : 549e297654e413d75ae4f5f6
{"match":false,"likes_remaining":100}
2018-02-18 04:23:47.930030 Like : 589fd5fe739c8b1e41c9bdee
{"match":false,"likes_remaining":100}
2018-02-18 04:23:59.997002 Like : 580a983ff19652af2782d8e3
{"match":false,"likes_remaining":100}
2018-02-18 04:24:12.032070 Like : 57c37cb0ee20e7f51040d88a
{"match":false,"likes_remaining":100}
2018-02-18 04:24:24.510470 Like : 52feef8c93ec899c24000b06
{"match":false,"likes_remaining":100}
2018-02-18 04:24:36.507215 Like : 59f689db153939966032280d
{"match":false,"likes_remaining":100}
2018-02-18 04:25:48.776627 No hay resultados
{u'message': u'recs exhausted'}
------------------------------------FIN---------------------------------------------
2018-02-18 05:00:07.077541 Like : 5a87e8f7ea042ca00d1a42b1
{"match":false,"likes_remaining":100}
2018-02-18 05:00:19.752372 Like : 5a892d0f8ae8a5793df0c23a
{"match":false,"likes_remaining":100}
2018-02-18 05:00:31.927357 Like : 599a65e203af1ed72d2d1b4b
{"match":false,"likes_remaining":100}
2018-02-18 05:00:44.285192 Like : 5a1b79836dce70a963eb1038
{"match":false,"likes_remaining":100}
2018-02-18 05:00:58.244401 Like : 5a890371488c44363d068f7c
{"match":false,"likes_remaining":100}
2018-02-18 05:01:11.412792 Like : 5a89282eb21b77060ebc242a
{"match":false,"likes_remaining":100}
2018-02-18 05:01:23.999927 Like : 540f61a79fbd0de64cbe3267
{"match":false,"likes_remaining":100}
2018-02-18 05:01:37.239208 Like : 5a8929f28ae8a5793df0bd34
{"match":false,"likes_remaining":100}
2018-02-18 05:01:50.087252 Like : 5a892c068ae8a5793df0c070
{"match":false,"likes_remaining":100}
2018-02-18 05:03:02.903062 No hay resultados
{u'message': u'recs exhausted'}
------------------------------------FIN---------------------------------------------
2018-02-18 06:00:08.492961 Like : 5316a637435529da13000008
{"match":false,"likes_remaining":100}
2018-02-18 06:00:20.887764 Like : 5340825a52787ff6060019fb
{"match":false,"likes_remaining":100}
2018-02-18 06:00:33.469531 Like : 5a892b508ae8a5793df0bf55
{"match":false,"likes_remaining":100}
2018-02-18 06:00:46.156123 Like : 5a8933056f1acee40dc695ea
{"match":false,"likes_remaining":100}
2018-02-18 06:00:58.675595 Like : 5a8933b0b21b77060ebc2cec
{"match":false,"likes_remaining":100}
2018-02-18 06:01:10.913553 Like : 5a892d436f1acee40dc69116
{"match":false,"likes_remaining":100}
2018-02-18 06:02:27.349100 Like : 57cf8ce9793c6d8e687fdb9b
{"match":false,"likes_remaining":100}
2018-02-18 06:02:39.552073 Like : 5a893dbc0cfc33583d773478
{"match":false,"likes_remaining":100}
2018-02-18 06:02:52.526238 Like : 581ff70869ec239f0a128d1d
{"match":false,"likes_remaining":100}
2018-02-18 06:04:07.718604 Like : 5a893680488c44363d06a689
{"match":false,"likes_remaining":100}
2018-02-18 06:04:19.744576 Like : 59b4210330d8cd8b3ca7337e
{"match":false,"likes_remaining":100}
2018-02-18 06:05:35.020306 Like : 58365c7729a0fe765e3c7894
{"match":false,"likes_remaining":100}
2018-02-18 06:06:50.547619 Like : 5a74bbc36ed87222327127e4
{"match":false,"likes_remaining":100}
2018-02-18 06:07:05.025448 Like : 531203a88086165d3a000038
{"match":false,"likes_remaining":100}
2018-02-18 06:08:17.257241 No hay resultados
{u'message': u'recs exhausted'}
------------------------------------FIN---------------------------------------------
2018-02-18 07:00:06.559490 Like : 5a89498b5fbc6de620d9c57a
{"match":false,"likes_remaining":100}
2018-02-18 07:00:18.570564 Like : 5a88d532092974be1639d5e8
{"match":false,"likes_remaining":100}
2018-02-18 07:00:30.522138 Like : 5a88c9898ae8a5793df04519
{"match":false,"likes_remaining":100}
2018-02-18 07:00:42.563883 Like : 584e100819a37deb2f8e8a33
{"match":false,"likes_remaining":100}
2018-02-18 07:01:57.560552 Like : 540693f65b1373763a8c3869
{"match":false,"likes_remaining":100}
2018-02-18 07:02:09.545777 Like : 598174042e1413430ce5777f
{"match":false,"likes_remaining":100}
2018-02-18 07:02:21.529944 Like : 5a894e4b2431eea1200c9382
{"match":false,"likes_remaining":100}
2018-02-18 07:03:36.764480 Like : 582d171ea04269c447693a9e
{"match":false,"likes_remaining":100}
2018-02-18 07:04:52.007290 Like : 5a7fb2313f9d400721f95605
{"match":false,"likes_remaining":100}
2018-02-18 07:05:04.165479 Like : 5712dc29a97420a80bc42b6e
{"match":false,"likes_remaining":100}
2018-02-18 07:06:19.614298 Like : 57ea099356aef8045495e039
{"match":false,"likes_remaining":100}
2018-02-18 07:06:31.662561 Like : 55d622efae1815003bc44e65
{"match":false,"likes_remaining":100}
2018-02-18 07:06:44.480087 Like : 57a78310cb28b8690a2c25ae
{"match":false,"likes_remaining":100}
2018-02-18 07:06:57.436671 Like : 5538fd0f88eea4ee29849803
{"match":false,"likes_remaining":100}
2018-02-18 07:08:11.887720 No hay resultados
{u'message': u'recs exhausted'}
------------------------------------FIN---------------------------------------------
2018-02-18 08:00:11.353661 Like : 5a89587f2431eea1200ca292
{"match":false,"likes_remaining":100}
2018-02-18 08:00:23.380565 Like : 5a89574faf03e2143d2163b5
{"match":false,"likes_remaining":100}
2018-02-18 08:00:35.431888 Like : 5a895a5fc6267f7a16483029
{"match":false,"likes_remaining":100}
2018-02-18 08:01:50.456632 Like : 5a895ab3ea042ca00d1b3010
{"match":false,"likes_remaining":100}
2018-02-18 08:02:02.521676 Like : 5a8959622431eea1200ca3d5
{"match":false,"likes_remaining":100}
2018-02-18 08:02:15.829221 Like : 5a895a5fc6267f7a16483029
{"match":false,"likes_remaining":100}
2018-02-18 08:02:29.168885 Like : 599d127b19af617f140c36d8
{"match":false,"likes_remaining":100}
2018-02-18 08:03:44.393874 Like : 5a895cbeea042ca00d1b32e3
{"match":false,"likes_remaining":100}
2018-02-18 08:05:02.659830 Like : 5a895d938ae8a5793df0f478
{"match":false,"likes_remaining":100}
2018-02-18 08:05:14.705463 Like : 56a9540d7cc3c24254313c5a
{"match":false,"likes_remaining":100}
2018-02-18 08:06:29.924100 Like : 5a895dd8c6267f7a1648338a
{"match":false,"likes_remaining":100}
2018-02-18 08:06:43.040857 Like : 5822610ad497b77f166c7e8d
{"match":false,"likes_remaining":100}
2018-02-18 08:07:57.248487 No hay resultados
{u'message': u'recs exhausted'}
------------------------------------FIN---------------------------------------------
2018-02-18 09:00:08.159950 Like : 5a896a0182e3b3df16897a18
{"match":false,"likes_remaining":100}
2018-02-18 09:00:20.386557 Like : 5a89606c6f1acee40dc6bda3
{"match":false,"likes_remaining":100}
2018-02-18 09:00:33.670552 Like : 5a8967d8b21b77060ebc3503
{"match":false,"likes_remaining":100}
2018-02-18 09:01:49.962676 Like : 5a8967d8b21b77060ebc3503
{"match":false,"likes_remaining":100}
2018-02-18 09:02:01.973304 Like : 5a89690a8ae8a5793df108da
{"match":false,"likes_remaining":100}
2018-02-18 09:02:14.582505 Like : 5a524c1c91b2b84f694a5308
{"match":false,"likes_remaining":100}
2018-02-18 09:02:27.287853 Like : 5a8967a22431eea1200cbe26
{"match":false,"likes_remaining":100}
2018-02-18 09:03:45.486444 Like : 57d04df82bd53d4b3fe6b565
{"match":false,"likes_remaining":100}
2018-02-18 09:03:57.873757 Like : 58c375d0a211a4b72f563196
{"match":false,"likes_remaining":100}
2018-02-18 09:04:09.997328 Like : 5a896afb82e3b3df16897bd9
{"match":false,"likes_remaining":100}
2018-02-18 09:05:25.416675 Like : 59c02bcb404c9a003656c568
{"match":false,"likes_remaining":100}
2018-02-18 09:06:40.719758 Like : 5a759b37705c6633015a421b
{"match":false,"likes_remaining":100}
2018-02-18 09:07:53.286515 No hay resultados
{u'message': u'recs exhausted'}
------------------------------------FIN---------------------------------------------
2018-02-18 10:00:06.490562 Like : 57f37afc1c7222f847291ff7
{"match":false,"likes_remaining":100}
2018-02-18 10:00:18.575201 Like : 5a89781b2431eea1200cd8ac
{"match":false,"likes_remaining":100}
2018-02-18 10:00:30.603935 Like : 5a896f443f9d40072100c61c
{"match":false,"likes_remaining":100}
2018-02-18 10:00:42.672460 Like : 58a34017def6f8ef61832a22
{"match":false,"likes_remaining":100}
2018-02-18 10:01:57.950866 Like : 56273bfd8c85a1cf482f67b4
{"match":false,"likes_remaining":100}
2018-02-18 10:02:09.929530 Like : 597b3a94448800821ca1834c
{"match":false,"likes_remaining":100}
2018-02-18 10:02:22.155191 Like : 5a8970c93f9d40072100c7e6
{"match":false,"likes_remaining":100}
2018-02-18 10:02:34.196273 Like : 596a2c36da6bf1393409b83b
{"match":false,"likes_remaining":100}
2018-02-18 10:02:46.350267 Like : 58a9e637484ac6aa349b433a
{"match":false,"likes_remaining":100}
2018-02-18 10:04:01.361772 Like : 5a8977c512c0389c16f844a7
{"match":false,"likes_remaining":100}
2018-02-18 10:04:13.351444 Like : 5941f58ec66247cf5393128b
{"match":false,"likes_remaining":100}
2018-02-18 10:04:25.392312 Like : 54a0924932dc06951ea34494
{"match":false,"likes_remaining":100}
2018-02-18 10:05:40.574733 Like : 5a707f2d4995371e2da631f6
{"match":false,"likes_remaining":100}
2018-02-18 10:05:52.696078 Like : 59e3816388bf5057151d0e47
{"match":false,"likes_remaining":100}
2018-02-18 10:07:08.523679 Like : 58b6dbf1b0b047946300f5c6
{"match":false,"likes_remaining":100}
2018-02-18 10:07:20.545863 Like : 5a897a21488c44363d06c46e
{"match":false,"likes_remaining":100}
2018-02-18 10:07:32.656977 Like : 59116d92e4fab3033ce99075
{"match":false,"likes_remaining":100}
2018-02-18 10:07:44.701809 Like : 584af9630d0a5e760f626069
{"match":false,"likes_remaining":100}
2018-02-18 10:07:56.737606 Like : 5a5873d3def65a4e1a7ebc7c
{"match":false,"likes_remaining":100}
2018-02-18 10:08:08.839924 Like : 53dae4eb7c329baf76cf37ae
{"match":false,"likes_remaining":100}
2018-02-18 10:08:20.895725 Like : 59f3ce551d0f17950c2c70eb
{"match":false,"likes_remaining":100}
2018-02-18 10:09:33.128440 No hay resultados
{u'message': u'recs exhausted'}
------------------------------------FIN---------------------------------------------
2018-02-18 11:00:06.656873 Like : 5a897be5af03e2143d217ddb
{"match":false,"likes_remaining":100}
2018-02-18 11:00:18.900608 Like : 58ab7155f82ff2687e276439
{"match":false,"likes_remaining":100}
2018-02-18 11:00:31.056109 Like : 5a897ba482e3b3df168995ec
{"match":false,"likes_remaining":100}
2018-02-18 11:01:46.979966 Like : 5a898135c6267f7a16483b4a
{"match":false,"likes_remaining":100}
2018-02-18 11:01:59.031647 Like : 5a897fccb21b77060ebc3e65
{"match":false,"likes_remaining":100}
2018-02-18 11:02:11.037879 Like : 5a8902d82431eea1200c2a0e
{"match":false,"likes_remaining":100}
2018-02-18 11:03:27.391096 Like : 5a89872a2431eea1200ceaf0
{"match":false,"likes_remaining":100}
2018-02-18 11:03:40.106845 Like : 5a8986dc2431eea1200cea3e
{"match":false,"likes_remaining":100}
2018-02-18 11:03:52.120221 Like : 54f102ea424dde60284fc6b1
{"match":false,"likes_remaining":100}
2018-02-18 11:04:04.205257 Like : 53e78e9788f62f505b41c80a
{"match":false,"likes_remaining":100}
2018-02-18 11:04:16.318601 Like : 5a160a33082828936f4117a2
{"match":false,"likes_remaining":100}
2018-02-18 11:05:31.490370 Like : 577c6feb0533fb1d0a1c8311
{"match":false,"likes_remaining":100}
2018-02-18 11:05:43.585644 Like : 5a8987b3c6267f7a16483c4c
{"match":false,"likes_remaining":100}
2018-02-18 11:05:55.707361 Like : 55824192216300565b3d8fd0
{"match":false,"likes_remaining":100}
2018-02-18 11:06:07.799561 Like : 5a7bb7d07c997b2a60160c14
{"match":false,"likes_remaining":100}
2018-02-18 11:07:23.208545 Like : 5907b56dc821eca079a92635
{"match":false,"likes_remaining":100}
2018-02-18 11:07:35.583481 Like : 5a7f3551c6267f7a163fd008
{"match":false,"likes_remaining":100}
2018-02-18 11:07:47.757714 Like : 59ceb2f019606eb15cd8a852
{"match":false,"likes_remaining":100}
2018-02-18 11:09:00.076031 No hay resultados
{u'message': u'recs exhausted'}
------------------------------------FIN---------------------------------------------
2018-02-18 12:00:06.655301 Like : 5a899275cddb80c4208ca204
{"match":false,"likes_remaining":100}
2018-02-18 12:00:18.769800 Like : 5340a307d60bfc417f001e57
{"match":false,"likes_remaining":100}
2018-02-18 12:00:31.004301 Like : 57ba3ab25d88e7916cbdfb87
{"match":false,"likes_remaining":100}
2018-02-18 12:00:43.186378 Like : 58b589e99432409b5a513f28
{"match":false,"likes_remaining":100}
2018-02-18 12:00:55.386549 Like : 5a898e5ab21b77060ebc47a2
{"match":false,"likes_remaining":100}
2018-02-18 12:02:11.086830 Like : 5a8992b4b21b77060ebc4ad4
{"match":false,"likes_remaining":100}
2018-02-18 12:02:23.279854 Like : 5a898c2b6f1acee40dc6e74e
{"match":false,"likes_remaining":100}
2018-02-18 12:02:35.434428 Like : 5a898aa42431eea1200cf2a0
{"match":false,"likes_remaining":100}
2018-02-18 12:02:47.601569 Like : 5a85d894b21b77060eb9c576
{"match":false,"likes_remaining":100}
2018-02-18 12:02:59.784673 Like : 5a898eac6f1acee40dc6eb5c
{"match":false,"likes_remaining":100}
2018-02-18 12:03:11.907172 Like : 580165b59fd0bb494cb9c2ec
{"match":false,"likes_remaining":100}
2018-02-18 12:03:24.307216 Like : 5a898ce8cddb80c4208c9cc4
{"match":false,"likes_remaining":100}
2018-02-18 12:03:36.551653 Like : 5a898f0daf03e2143d219755
{"match":false,"likes_remaining":100}
2018-02-18 12:03:48.655555 Like : 5a89891f6f1acee40dc6e279
{"match":false,"likes_remaining":100}
2018-02-18 12:04:00.822086 Like : 52f81fe45d62718c2e00052e
{"match":false,"likes_remaining":100}
2018-02-18 12:04:13.072142 Like : 5a89952912c0389c16f87011
{"match":false,"likes_remaining":100}
2018-02-18 12:05:27.589033 Like : 592876d736051d837c192276
{"match":false,"likes_remaining":100}
2018-02-18 12:06:43.292193 Like : 593a1f3df5995f4e4421f28e
{"match":false,"likes_remaining":100}
2018-02-18 12:06:55.672037 Like : 5a8995af8ae8a5793df129d5
{"match":false,"likes_remaining":100}
2018-02-18 12:07:07.834726 Like : 5a8995d2033301c20d818402
{"match":false,"likes_remaining":100}
2018-02-18 12:07:20.055644 Like : 5a70d40905798f867aff43cb
{"match":false,"likes_remaining":100}
2018-02-18 12:08:35.395020 Like : 581a9f082a4d2f60277846dc
{"match":false,"likes_remaining":100}
2018-02-18 12:08:47.577595 Like : 59c740a9539465f9755fc5db
{"match":false,"likes_remaining":100}
2018-02-18 12:08:59.672138 Like : 5a8996092431eea1200cfcce
{"match":false,"likes_remaining":100}
2018-02-18 12:09:11.810400 Like : 57b5f4d190c51c850a7d3325
{"match":false,"likes_remaining":100}
2018-02-18 12:09:23.963907 Like : 5a8996142431eea1200cfcd5
{"match":false,"likes_remaining":100}
2018-02-18 12:11:43.670663 Like : 59fe6cb0f645039e57646434
{"match":false,"likes_remaining":100}
2018-02-18 12:12:59.272442 Like : 5a899700033301c20d81863d
{"match":false,"likes_remaining":100}
2018-02-18 12:13:11.496652 Like : 5a88ebec8ae8a5793df070a6
{"match":false,"likes_remaining":100}
2018-02-18 12:13:23.742117 Like : 59dd292569554a00155d24dc
{"match":false,"likes_remaining":100}
2018-02-18 12:13:36.391182 Like : 5a10e815e975406d01b36739
{"match":false,"likes_remaining":100}
2018-02-18 12:14:48.951282 No hay resultados
{u'message': u'recs exhausted'}
------------------------------------FIN---------------------------------------------
2018-02-18 13:00:07.940207 Like : 5906b66c1848078679ecbbe3
{"match":false,"likes_remaining":100}
2018-02-18 13:00:20.711132 Like : 5a899f47cddb80c4208caed4
{"match":false,"likes_remaining":100}
2018-02-18 13:00:33.237270 Like : 5a899b576f1acee40dc6fa00
{"match":false,"likes_remaining":100}
2018-02-18 13:00:45.583481 Like : 5a899f4e8ae8a5793df13616
{"match":false,"likes_remaining":100}
2018-02-18 13:00:57.861706 Like : 5a89a2faaf03e2143d21abaf
{"match":false,"likes_remaining":100}
2018-02-18 13:01:10.463947 Like : 5a899d56af03e2143d21a482
{"match":false,"likes_remaining":100}
2018-02-18 13:01:22.697788 Like : 5a899a303f9d40072100ee45
{"match":false,"likes_remaining":100}
2018-02-18 13:01:34.896991 Like : 59a457eb646d298907d05081
{"match":false,"likes_remaining":100}
2018-02-18 13:01:47.126458 Like : 5a779f9a705c6633015bab60
{"match":false,"likes_remaining":100}
2018-02-18 13:03:02.432052 Like : 5a8998cc488c44363d06f014
{"match":false,"likes_remaining":100}
2018-02-18 13:03:14.699815 Like : 5a89a00f6f1acee40dc6fdc5
{"match":false,"likes_remaining":100}
2018-02-18 13:03:26.964598 Like : 5a899f1f0cfc33583d774fea
{"match":false,"likes_remaining":100}
2018-02-18 13:03:39.876869 Like : 5a899fed82e3b3df1689b30e
{"match":false,"likes_remaining":100}
2018-02-18 13:03:52.197447 Like : 58fec78478acdde84255ddd9
{"match":false,"likes_remaining":100}
2018-02-18 13:05:08.684758 Like : 5a899d56af03e2143d21a482
{"match":false,"likes_remaining":100}
2018-02-18 13:05:20.933649 Like : 5a89a2822431eea1200d0391
{"match":false,"likes_remaining":100}
2018-02-18 13:05:33.149451 Like : 5a899a303f9d40072100ee45
{"match":false,"likes_remaining":100}
2018-02-18 13:05:45.300384 Like : 5a899a7312c0389c16f87779
{"match":false,"likes_remaining":100}
2018-02-18 13:05:57.692588 Like : 5a39c579da699dda38665da0
{"match":false,"likes_remaining":100}
2018-02-18 13:06:10.334224 Like : 5a899914b21b77060ebc50ee
{"match":false,"likes_remaining":100}
2018-02-18 13:06:22.817732 Like : 5a899d74092974be163a2a96
{"match":false,"likes_remaining":100}
2018-02-18 13:06:35.186124 Like : 59dff2159219a92a15894b43
{"match":false,"likes_remaining":100}
2018-02-18 13:06:48.334366 Like : 5a25754fe1b2cbde776a2e85
{"match":false,"likes_remaining":100}
2018-02-18 13:07:00.898963 Like : 5a89a2faaf03e2143d21abaf
{"match":false,"likes_remaining":100}
2018-02-18 13:08:17.296910 Like : 5a899d74092974be163a2a96
{"match":false,"likes_remaining":100}
2018-02-18 13:08:29.650678 Like : 5a886cd2b21b77060ebb90ed
{"match":false,"likes_remaining":100}
2018-02-18 13:08:42.722211 Like : 5a899e172431eea1200cff1f
{"match":false,"likes_remaining":100}
2018-02-18 13:08:54.919817 Like : 5a899a7312c0389c16f87779
{"match":false,"likes_remaining":100}
2018-02-18 13:10:10.852406 Like : 5a89a3792431eea1200d0557
{"match":false,"likes_remaining":100}
2018-02-18 13:10:23.907382 Like : 5a88fec88ae8a5793df093b7
{"match":false,"likes_remaining":100}
2018-02-18 13:10:36.489150 Like : 5a42eef95920884b1d5632b0
{"match":false,"likes_remaining":100}
2018-02-18 13:10:48.740622 Like : 589682c458dafb7c0301cf34
{"match":false,"likes_remaining":100}
2018-02-18 13:11:00.965610 Like : 5a82ef2c3f9d400721fc5494
{"match":false,"likes_remaining":100}
2018-02-18 13:11:13.213877 Like : 5a89a52782e3b3df1689baa8
{"match":false,"likes_remaining":100}
2018-02-18 13:11:25.760628 Like : 594474d18f910fe6536bd871
{"match":false,"likes_remaining":100}
2018-02-18 13:11:37.951836 Like : 528fec1b765952bc7f0005ac
{"match":false,"likes_remaining":100}
2018-02-18 13:12:53.337104 Like : 5a89a358b21b77060ebc5e6d
{"match":false,"likes_remaining":100}
2018-02-18 13:13:05.863575 Like : 5a89a52782e3b3df1689baa8
{"match":false,"likes_remaining":100}
2018-02-18 13:14:21.741198 Like : 59ecc577aa6d127e5c025424
{"match":false,"likes_remaining":100}
2018-02-18 13:14:34.426143 Like : 53d6abb214b79c2166d538da
{"match":false,"likes_remaining":100}
2018-02-18 13:14:48.150024 Like : 54fb7e10bc6b91995b717aca
{"match":false,"likes_remaining":100}
2018-02-18 13:15:00.406073 Like : 5a89a60882e3b3df1689bcba
{"match":false,"likes_remaining":100}
2018-02-18 13:15:13.105702 Like : 53b0b0ff5aabf5b462e66c31
{"match":false,"likes_remaining":100}
2018-02-18 13:15:25.724283 Like : 5a89a565c6267f7a16485098
{"match":false,"likes_remaining":100}
2018-02-18 13:16:41.344318 Like : 5a81e094c6267f7a1641f389
{"match":false,"likes_remaining":100}
2018-02-18 13:16:54.166515 Like : 532b41f8feeabcf62700133f
{"match":false,"likes_remaining":100}
2018-02-18 13:17:06.598995 Like : 5a89a6ad82e3b3df1689be09
{"match":false,"likes_remaining":100}
2018-02-18 13:17:18.785020 Like : 58b589e99432409b5a513f28
{"match":false,"likes_remaining":100}
2018-02-18 13:17:31.672440 Like : 5638129d4167dfd70933bb17
{"match":false,"likes_remaining":100}
2018-02-18 13:17:43.955350 Like : 5a18e0fb9b83dbe36f69c117
{"match":false,"likes_remaining":100}
2018-02-18 13:17:56.489368 Like : 5a89a6bf82e3b3df1689be21
{"match":false,"likes_remaining":100}
2018-02-18 13:18:09.247516 Like : 5a89a65682e3b3df1689bd48
{"match":false,"likes_remaining":100}
2018-02-18 13:19:21.379309 No hay resultados
{u'message': u'recs timeout'}
------------------------------------FIN---------------------------------------------
2018-02-18 14:00:07.544626 Like : 581210206bd0eece33c15a8a
{"match":false,"likes_remaining":100}
2018-02-18 14:00:20.952252 Like : 5a7e4ed6ea042ca00d13b3ac
{"match":false,"likes_remaining":100}
2018-02-18 14:00:34.165837 Like : 5a89a7f1af03e2143d21b4ab
{"match":false,"likes_remaining":100}
2018-02-18 14:00:46.835505 Like : 59c09e95d134935f45992f7d
{"match":false,"likes_remaining":100}
2018-02-18 14:00:59.010636 Like : 5a89acfd3f9d40072100f96e
{"match":false,"likes_remaining":100}
2018-02-18 14:02:34.964949 Like : 56219cb0c8085d9d7e7208a3
{"match":false,"likes_remaining":100}
2018-02-18 14:02:47.411274 Like : 5a89a7126f1acee40dc70514
{"match":false,"likes_remaining":100}
2018-02-18 14:02:59.581223 Like : 58715872bcd65ed9695df9ec
{"match":false,"likes_remaining":100}
2018-02-18 14:03:11.746691 Like : 5a89af47c6267f7a16485854
{"match":false,"likes_remaining":100}
2018-02-18 14:03:23.970299 Like : 5a53836559021ec15c95973e
{"match":false,"likes_remaining":100}
2018-02-18 14:03:36.323894 Like : 59bc09b6a2f1f9840a87b78d
{"match":false,"likes_remaining":100}
2018-02-18 14:03:48.612478 Like : 5a89b04f488c44363d06f9db
{"match":false,"likes_remaining":100}
2018-02-18 14:04:00.895216 Like : 5a787bda905cdc6313ec1c91
{"match":false,"likes_remaining":100}
2018-02-18 14:05:15.754397 Like : 5a89b0440cfc33583d775e97
{"match":false,"likes_remaining":100}
2018-02-18 14:05:28.145851 Like : 5a89b01f033301c20d81a378
{"match":false,"likes_remaining":100}
2018-02-18 14:05:40.450684 Like : 5a899fc5c6267f7a16484c3b
{"match":false,"likes_remaining":100}
2018-02-18 14:05:52.956068 Like : 5a89ae320cfc33583d775990
{"match":false,"likes_remaining":100}
2018-02-18 14:06:05.306152 Like : 5a89af47c6267f7a16485854
{"match":false,"likes_remaining":100}
2018-02-18 14:07:20.023502 Like : 5a89b12bb21b77060ebc74d0
{"match":false,"likes_remaining":100}
2018-02-18 14:07:32.525681 Like : 5a89b17f5fbc6de620da10a3
{"match":false,"likes_remaining":100}
2018-02-18 14:08:44.839190 No hay resultados
{u'message': u'recs timeout'}
------------------------------------FIN---------------------------------------------
2018-02-18 15:00:07.995827 Like : 5a89bd250cfc33583d7770e1
{"match":false,"likes_remaining":100}
2018-02-18 15:00:20.304133 Like : 5a89b62412c0389c16f893ba
{"match":false,"likes_remaining":100}
2018-02-18 15:00:32.580179 Like : 5a8272a1033301c20d7b0248
{"match":false,"likes_remaining":100}
2018-02-18 15:00:44.963183 Like : 5a89b8e10cfc33583d776c15
{"match":false,"likes_remaining":100}
2018-02-18 15:00:57.281354 Like : 5a89b724ea042ca00d1b616f
{"match":false,"likes_remaining":100}
2018-02-18 15:01:09.527018 Like : 5a7ad8446ccea1fd34de89fd
{"match":false,"likes_remaining":100}
2018-02-18 15:01:21.911568 Like : 5a7b977e390ccf8f60581681
{"match":false,"likes_remaining":100}
2018-02-18 15:01:34.081180 Like : 58b589e99432409b5a513f28
{"match":false,"likes_remaining":100}
2018-02-18 15:01:46.309834 Like : 5a89b7080cfc33583d7769cc
{"match":false,"likes_remaining":100}
2018-02-18 15:01:58.483183 Like : 575928bdc63dd8cc0dc8d3ff
{"match":false,"likes_remaining":100}
2018-02-18 15:02:10.746594 Like : 5a89be8e3f9d400721011645
{"match":false,"likes_remaining":100}
2018-02-18 15:03:25.631555 Like : 55332ea6014b28c925ae278e
{"match":false,"likes_remaining":100}
2018-02-18 15:03:37.788618 Like : 5a89bc4d8ae8a5793df15758
{"match":false,"likes_remaining":100}
2018-02-18 15:03:50.145256 Like : 5a89bdc38ae8a5793df15885
{"match":false,"likes_remaining":100}
2018-02-18 15:04:02.303444 Like : 598e0aafab738d6533482b98
{"match":false,"likes_remaining":100}
2018-02-18 15:04:14.703187 Like : 5a89bd250cfc33583d7770e1
{"match":false,"likes_remaining":100}
2018-02-18 15:04:26.977816 Like : 5a89b8733f9d40072101121c
{"match":false,"likes_remaining":100}
2018-02-18 15:04:39.204363 Like : 5a89bc98488c44363d0702c4
{"match":false,"likes_remaining":100}
2018-02-18 15:05:55.117598 Like : 536af2d405ee90576800f0f9
{"match":false,"likes_remaining":100}
2018-02-18 15:06:07.445030 Like : 5a8702ee82e3b3df16874af5
{"match":false,"likes_remaining":100}
2018-02-18 15:06:19.707491 Like : 5a89b2eb488c44363d06fc91
{"match":false,"likes_remaining":100}
2018-02-18 15:06:32.065471 Like : 54c2e0eae4a8c3b32108f316
{"match":false,"likes_remaining":100}
2018-02-18 15:06:44.401355 Like : 54dd5878d5200f89780d35cc
{"match":false,"likes_remaining":100}
2018-02-18 15:06:56.619133 Like : 5a89bc97af03e2143d21c9b4
{"match":false,"likes_remaining":100}
2018-02-18 15:07:08.976401 Like : 5a89b270092974be163a3da3
{"match":false,"likes_remaining":100}
2018-02-18 15:07:21.211382 Like : 5a89bfa5c6267f7a164862d9
{"match":false,"likes_remaining":100}
2018-02-18 15:07:33.457808 Like : 5a89b4fd12c0389c16f88eef
{"match":false,"likes_remaining":100}
2018-02-18 15:07:45.766524 Like : 5a89b518af03e2143d21c1cf
{"match":false,"likes_remaining":100}
2018-02-18 15:07:57.942564 Like : 5a89c042b21b77060ebc8488
{"match":false,"likes_remaining":100}
2018-02-18 15:08:10.236091 Like : 5a89b3d33f9d400721010948
{"match":false,"likes_remaining":100}
2018-02-18 15:09:24.948086 Like : 5a89b6808ae8a5793df14e8e
{"match":false,"likes_remaining":100}
2018-02-18 15:10:40.544646 Like : 598296d46010912a40bdc8e2
{"match":false,"likes_remaining":100}
2018-02-18 15:10:52.791374 Like : 5a4706635f165d72123980a4
{"match":false,"likes_remaining":100}
2018-02-18 15:11:05.257424 Like : 55f9d6425845cd4c634bb5c0
{"match":false,"likes_remaining":100}
2018-02-18 15:11:17.540235 Like : 56c50382669c0f447a43e370
{"match":false,"likes_remaining":100}
2018-02-18 15:11:29.789300 Like : 5a89c12d488c44363d07099e
{"match":false,"likes_remaining":100}
2018-02-18 15:11:42.056464 Like : 58bcc40c7c0a7f54287baffd
{"match":false,"likes_remaining":100}
2018-02-18 15:11:54.267426 Like : 53becf1b97da93016ee04437
{"match":false,"likes_remaining":100}
2018-02-18 15:12:06.419238 Like : 5a009f169d231d675437879c
{"match":false,"likes_remaining":100}
2018-02-18 15:12:18.543111 Like : 5a89b2d1b21b77060ebc7700
{"match":false,"likes_remaining":100}
2018-02-18 15:13:34.571419 Like : 5a89a04f0cfc33583d7750c8
{"match":false,"likes_remaining":100}
2018-02-18 15:13:46.782724 Like : 551386dbcd103895638b1838
{"match":false,"likes_remaining":100}
2018-02-18 15:13:58.982903 Like : 5a89c0a6092974be163a4d5a
{"match":false,"likes_remaining":100}
2018-02-18 15:15:16.267025 Like : 5439fcb7d4559025057de4d4
{"match":false,"likes_remaining":100}
2018-02-18 15:15:29.243640 Like : 5a89c001033301c20d81b8f1
{"match":false,"likes_remaining":100}
2018-02-18 15:15:42.337150 Like : 55a2d7da5ee764255ef844d7
{"match":false,"likes_remaining":100}
2018-02-18 15:15:54.527186 Like : 59c13d71cc8fb73e4500fcf2
{"match":false,"likes_remaining":100}
2018-02-18 15:16:06.764646 Like : 5a1d9320f546b24b69e357fb
{"match":false,"likes_remaining":100}
2018-02-18 15:16:18.925369 Like : 5a89c19382e3b3df1689d679
{"match":false,"likes_remaining":100}
2018-02-18 15:16:31.175672 Like : 58a83dfeec84db940184e263
{"match":false,"likes_remaining":100}
2018-02-18 15:16:43.417336 Like : 5782e998121f15d7099d5ea3
{"match":false,"likes_remaining":100}
2018-02-18 15:16:55.794269 Like : 586a93c5a0cf9a895f29be5c
{"match":false,"likes_remaining":100}
2018-02-18 15:17:08.020280 Like : 590013e5375033ae4200c2e4
{"match":false,"likes_remaining":100}
2018-02-18 15:18:22.907787 Like : 5a89c31eaf03e2143d21cf2e
{"match":false,"likes_remaining":100}
2018-02-18 15:19:38.632402 Like : 5a89c351ea042ca00d1b694a
{"match":false,"likes_remaining":100}
2018-02-18 15:20:51.617267 No hay resultados
{u'message': u'recs timeout'}
------------------------------------FIN---------------------------------------------
2018-02-18 16:00:07.623429 Like : 5a89cc972431eea1200d2ac6
{"match":false,"likes_remaining":100}
2018-02-18 16:00:19.809133 Like : 5a89cae9af03e2143d21d566
{"match":false,"likes_remaining":100}
2018-02-18 16:00:32.069023 Like : 5a89c9848ae8a5793df1659d
{"match":false,"likes_remaining":100}
2018-02-18 16:00:44.336862 Like : 5a89c3be82e3b3df1689da9d
{"match":false,"likes_remaining":100}
2018-02-18 16:00:56.528907 Like : 5a3219f97d0da8f30cd74b02
{"match":false,"likes_remaining":100}
2018-02-18 16:01:08.762983 Like : 5a89cc9582e3b3df1689e9c1
{"match":false,"likes_remaining":100}
2018-02-18 16:01:21.091985 Like : 5a67d40fccdbb7753516451a
{"match":false,"likes_remaining":100}
2018-02-18 16:01:33.328619 Like : 5a89c56512c0389c16f8a66c
{"match":false,"likes_remaining":100}
2018-02-18 16:01:45.651191 Like : 558b1454e665bdc42188d862
{"match":false,"likes_remaining":100}
2018-02-18 16:01:57.964281 Like : 5a7b0cfbcf53a33c4713af9e
{"match":false,"likes_remaining":100}
2018-02-18 16:03:13.829188 Like : 5a8944fc12c0389c16f82edc
{"match":false,"likes_remaining":100}
2018-02-18 16:03:26.107354 Like : 5a89c80fb21b77060ebc8990
{"match":false,"likes_remaining":100}
2018-02-18 16:03:38.417902 Like : 5a89cd9f488c44363d0719c0
{"match":false,"likes_remaining":100}
2018-02-18 16:03:50.706058 Like : 5a89c86012c0389c16f8a963
{"match":false,"likes_remaining":100}
2018-02-18 16:04:03.013101 Like : 558201cd31be3f4c2e89e215
{"match":false,"likes_remaining":100}
2018-02-18 16:04:15.367935 Like : 5a89cc5c82e3b3df1689e961
{"match":false,"likes_remaining":100}
2018-02-18 16:04:28.111506 Like : 5a89ca666f1acee40dc7257d
{"match":false,"likes_remaining":100}
2018-02-18 16:04:40.410259 Like : 5a89cca2092974be163a55ea
{"match":false,"likes_remaining":100}
2018-02-18 16:04:52.697351 Like : 5a89ca348ae8a5793df167cd
{"match":false,"likes_remaining":100}
2018-02-18 16:06:07.476152 Like : 5a89ca2a033301c20d81cd93
{"match":false,"likes_remaining":100}
2018-02-18 16:06:19.755069 Like : 5999f4d9ac0e75295d393d2a
{"match":false,"likes_remaining":100}
2018-02-18 16:06:31.961975 Like : 5a89c4a7033301c20d81c315
{"match":false,"likes_remaining":100}
2018-02-18 16:07:47.648900 Like : 5a89cac26f1acee40dc725a7
{"match":false,"likes_remaining":100}
2018-02-18 16:07:59.933939 Like : 5a89cc5c82e3b3df1689e961
{"match":false,"likes_remaining":100}
2018-02-18 16:08:14.396441 Like : 5a89ce5f488c44363d071a77
{"match":false,"likes_remaining":100}
2018-02-18 16:08:26.912103 Like : 5a84ec45c6267f7a16447ec2
{"match":false,"likes_remaining":100}
2018-02-18 16:08:39.556907 Like : 58b589e99432409b5a513f28
{"match":false,"likes_remaining":100}
2018-02-18 16:08:51.983553 Like : 5a89c563af03e2143d21d0cb
{"match":false,"likes_remaining":100}
2018-02-18 16:09:04.198623 Like : 5a89c3dd6f1acee40dc71f84
{"match":false,"likes_remaining":100}
2018-02-18 16:09:16.501716 Like : 5a89cd02af03e2143d21d7b3
{"match":false,"likes_remaining":100}
2018-02-18 16:09:28.690365 Like : 53d812ddb3158f947bcca1d1
{"match":false,"likes_remaining":100}
2018-02-18 16:10:44.360741 Like : 5a89c5a00cfc33583d777784
{"match":false,"likes_remaining":100}
2018-02-18 16:10:56.557779 Like : 5a89c56512c0389c16f8a66c
{"match":false,"likes_remaining":100}
2018-02-18 16:11:08.755375 Like : 5a89c3be82e3b3df1689da9d
{"match":false,"likes_remaining":100}
2018-02-18 16:11:21.238184 Like : 55692b17e2a5a50253790c69
{"match":false,"likes_remaining":100}
2018-02-18 16:12:36.903833 Like : 5a89ce40b21b77060ebc904e
{"match":false,"likes_remaining":100}
2018-02-18 16:12:49.257426 Like : 5a89cff0b21b77060ebc937c
{"match":false,"likes_remaining":100}
2018-02-18 16:13:01.626789 Like : 54d2e18f2c611a3a0b1fb36e
{"match":false,"likes_remaining":100}
2018-02-18 16:13:13.788248 Like : 5a89cf72af03e2143d21d947
{"match":false,"likes_remaining":100}
2018-02-18 16:13:26.059039 Like : 5700958161c091113d01c766
{"match":false,"likes_remaining":100}
2018-02-18 16:14:40.949044 Like : 5a89cf5d12c0389c16f8afa6
{"match":false,"likes_remaining":100}
2018-02-18 16:14:53.128404 Like : 5a89ce17cddb80c4208ccea2
{"match":false,"likes_remaining":100}
2018-02-18 16:15:05.390017 Like : 5a89cff0b21b77060ebc937c
{"match":false,"likes_remaining":100}
2018-02-18 16:16:17.763157 No hay resultados
{u'message': u'recs timeout'}
------------------------------------FIN---------------------------------------------
2018-02-18 17:00:08.104504 Like : 5867d60f59ee565b7482d8c6
{"match":false,"likes_remaining":100}
2018-02-18 17:00:20.405615 Like : 5a89d3276f1acee40dc72a69
{"match":false,"likes_remaining":100}
2018-02-18 17:00:32.629487 Like : 583257804e57d487611e48b8
{"match":false,"likes_remaining":100}
2018-02-18 17:00:44.899720 Like : 55e226a60a3610c97175a33a
{"match":false,"likes_remaining":100}
2018-02-18 17:00:57.098674 Like : 59c6910a8639523c3d27fb5c
{"match":false,"likes_remaining":100}
2018-02-18 17:01:09.466417 Like : 5a88aac95fbc6de620d96640
{"match":false,"likes_remaining":100}
2018-02-18 17:01:21.678419 Like : 58b589e99432409b5a513f28
{"match":false,"likes_remaining":100}
2018-02-18 17:01:33.892952 Like : 5a89d3625fbc6de620da30e0
{"match":false,"likes_remaining":100}
2018-02-18 17:01:46.103464 Like : 56845c1f9b4ca7af641847df
{"match":false,"likes_remaining":100}
2018-02-18 17:01:58.589505 Like : 5a89cc3882e3b3df1689e91f
{"match":false,"likes_remaining":100}
2018-02-18 17:02:10.798042 Like : 5a891670b21b77060ebc1595
{"match":false,"likes_remaining":100}
2018-02-18 17:03:26.904896 Like : 532e59d0d3cf1bca5a000007
{"match":false,"likes_remaining":100}
2018-02-18 17:03:39.237132 Like : 5a89da57cddb80c4208cd8ad
{"match":false,"likes_remaining":100}
2018-02-18 17:03:51.608513 Like : 595578c8b70f1e266c1b848a
{"match":false,"likes_remaining":100}
2018-02-18 17:04:04.034998 Like : 5a89d2ee6f1acee40dc72a2e
{"match":false,"likes_remaining":100}
2018-02-18 17:04:16.747787 Like : 5a89da0a092974be163a6a11
{"match":false,"likes_remaining":100}
2018-02-18 17:04:29.312429 Like : 5a89d26882e3b3df1689f11c
{"match":false,"likes_remaining":100}
2018-02-18 17:04:41.680290 Like : 571ebe211054f15b0c330948
{"match":false,"likes_remaining":100}
2018-02-18 17:04:53.928609 Like : 55cd092b60a837604c3ca70c
{"match":false,"likes_remaining":100}
2018-02-18 17:05:06.237369 Like : 5a89d86e092974be163a6735
{"match":false,"likes_remaining":100}
2018-02-18 17:05:18.515396 Like : 5a89d18c82e3b3df1689ef94
{"match":false,"likes_remaining":100}
2018-02-18 17:05:31.040755 Like : 5a89d770092974be163a64cc
{"match":false,"likes_remaining":100}
2018-02-18 17:05:43.485248 Like : 5623b7eef3937dbd3ad4baa0
{"match":false,"likes_remaining":100}
2018-02-18 17:06:58.157455 Like : 5768b68011dcaf930c8c9e9b
{"match":false,"likes_remaining":100}
2018-02-18 17:07:10.343957 Like : 5a89d54a82e3b3df1689f302
{"match":false,"likes_remaining":100}
2018-02-18 17:07:22.688023 Like : 5a89d2ee6f1acee40dc72a2e
{"match":false,"likes_remaining":100}
2018-02-18 17:07:34.940158 Like : 5a89d18c82e3b3df1689ef94
{"match":false,"likes_remaining":100}
2018-02-18 17:07:47.473815 Like : 5a89d0ff8ae8a5793df170f4
{"match":false,"likes_remaining":100}
2018-02-18 17:07:59.685642 Like : 5a89d3276f1acee40dc72a69
{"match":false,"likes_remaining":100}
2018-02-18 17:08:11.993081 Like : 5604b2db6100e97232d0c59d
{"match":false,"likes_remaining":100}
2018-02-18 17:09:27.733963 Like : 5a80fed35fbc6de620d362ef
{"match":false,"likes_remaining":100}
2018-02-18 17:09:39.968658 Like : 5a89d1ea6f1acee40dc729fd
{"match":false,"likes_remaining":100}
2018-02-18 17:09:53.215743 Like : 5a89d355cddb80c4208cd649
{"match":false,"likes_remaining":100}
2018-02-18 17:10:05.539126 Like : 5a89dd0e092974be163a710e
{"match":false,"likes_remaining":100}
2018-02-18 17:10:17.829315 Like : 5a89d141b21b77060ebc9757
{"match":false,"likes_remaining":100}
2018-02-18 17:10:30.204820 Like : 5a89d33e6f1acee40dc72a96
{"match":false,"likes_remaining":100}
2018-02-18 17:10:42.463443 Like : 59d6ee372bc0cd2d2618de72
{"match":false,"likes_remaining":100}
2018-02-18 17:10:54.646279 Like : 5a89dbac5fbc6de620da35ad
{"match":false,"likes_remaining":100}
2018-02-18 17:11:06.930464 Like : 5a89d4dd2431eea1200d36a8
{"match":false,"likes_remaining":100}
2018-02-18 17:11:19.181732 Like : 5a89d024b21b77060ebc93f1
{"match":false,"likes_remaining":100}
2018-02-18 17:11:31.427535 Like : 5a89dce32431eea1200d4ab8
{"match":false,"likes_remaining":100}
2018-02-18 17:11:43.709246 Like : 5a89dc9cc6267f7a164878b4
{"match":false,"likes_remaining":100}
2018-02-18 17:11:55.900153 Like : 5a89d26882e3b3df1689f11c
{"match":false,"likes_remaining":100}
2018-02-18 17:13:10.740306 Like : 58bc2060ef02370d7a52b40e
{"match":false,"likes_remaining":100}
2018-02-18 17:13:22.943135 Like : 589b82e958b272920a1d8647
{"match":false,"likes_remaining":100}
2018-02-18 17:13:35.094245 Like : 52b1f553504c325b0b0003ca
{"match":false,"likes_remaining":100}
2018-02-18 17:13:47.495806 Like : 5a89d4dd2431eea1200d36a8
{"match":false,"likes_remaining":100}
2018-02-18 17:13:59.827526 Like : 5472448631fe16e60246cc32
{"match":false,"likes_remaining":100}
2018-02-18 17:14:12.069287 Like : 5a89032082e3b3df16891aec
{"match":false,"likes_remaining":100}
2018-02-18 17:14:24.659669 Like : 59f246de72a405807d5a7580
{"match":false,"likes_remaining":100}
2018-02-18 17:14:37.152849 Like : 5a41c66baa9e1a4725d1dd76
{"match":false,"likes_remaining":100}
2018-02-18 17:14:49.560700 Like : 5a89d024b21b77060ebc93f1
{"match":false,"likes_remaining":100}
2018-02-18 17:16:06.219651 Like : 5a048671b1a79a04042a6266
{"match":false,"likes_remaining":100}
2018-02-18 17:16:18.639477 Like : 5a8789bb82e3b3df168795dc
{"match":false,"likes_remaining":100}
2018-02-18 17:16:31.165037 Like : 5a89dbfd0cfc33583d77954c
{"match":false,"likes_remaining":100}
2018-02-18 17:16:43.603029 Like : 5a89ddbf82e3b3df1689f8be
{"match":false,"likes_remaining":100}
2018-02-18 17:16:56.049203 Like : 57ed9e5179416ced6166c6b6
{"match":false,"likes_remaining":100}
2018-02-18 17:17:08.664177 Like : 56c8035954f779e703b96654
{"match":false,"likes_remaining":100}
2018-02-18 17:17:21.043518 Like : 5a5b78c89855b5711a540997
{"match":false,"likes_remaining":100}
2018-02-18 17:17:33.347756 Like : 5a89dd7a092974be163a71b4
{"match":false,"likes_remaining":100}
2018-02-18 17:18:49.422178 Like : 5a83685d5fbc6de620d5679f
{"match":false,"likes_remaining":100}
2018-02-18 17:19:01.656373 Like : 5a34fc1a7d0da8f30cd92d7b
{"match":false,"likes_remaining":100}
2018-02-18 17:19:13.886873 Like : 593de08c2f0b6fd44edb5af8
{"match":false,"likes_remaining":100}
2018-02-18 17:19:26.149063 Like : 5a77709d35b813ad0bee546d
{"match":false,"likes_remaining":100}
2018-02-18 17:19:38.485029 Like : 5a89debf0cfc33583d779924
{"match":false,"likes_remaining":100}
2018-02-18 17:19:50.869460 Like : 58cab64f8a4794ed0251108a
{"match":false,"likes_remaining":100}
2018-02-18 17:20:03.226205 Like : 530187846797350f4f0039b8
{"match":false,"likes_remaining":100}
2018-02-18 17:20:15.590962 Like : 57a4aee7718e06c658daba3f
{"match":false,"likes_remaining":100}
2018-02-18 17:21:30.320577 Like : 5a89df0a6f1acee40dc73b7b
{"match":false,"likes_remaining":100}
2018-02-18 17:21:42.909734 Like : 5a89dfed092974be163a760c
{"match":false,"likes_remaining":100}
2018-02-18 17:21:55.210076 Like : 5a89e01c0cfc33583d779a6c
{"match":false,"likes_remaining":100}
2018-02-18 17:23:10.160236 Like : 5a89e0158ae8a5793df180ca
{"match":false,"likes_remaining":100}
2018-02-18 17:23:22.373462 Like : 5a89dd262431eea1200d4b33
{"match":false,"likes_remaining":100}
2018-02-18 17:23:34.724065 Like : 5a89df0b0cfc33583d77998c
{"match":false,"likes_remaining":100}
2018-02-18 17:23:47.125582 Like : 5a89e01c8ae8a5793df180d5
{"match":false,"likes_remaining":100}
2018-02-18 17:23:59.318376 Like : 5a89dfd66f1acee40dc73c37
{"match":false,"likes_remaining":100}
2018-02-18 17:25:11.598630 No hay resultados
{u'message': u'recs timeout'}
------------------------------------FIN---------------------------------------------
2018-02-18 18:00:42.342383 Like : 597de6ce3b73fd5a29863343
{"match":false,"likes_remaining":100}
2018-02-18 18:01:06.710027 Like : 552b2a5d6c2286b837306b95
{"match":false,"likes_remaining":100}
2018-02-18 18:01:35.009781 Like : 53481e6fb544b5647200244f
{"match":false,"likes_remaining":100}
2018-02-18 18:01:48.766992 Like : 5a89e826033301c20d81ec98
{"match":false,"likes_remaining":100}
2018-02-18 18:02:08.943547 Like : 58842e7831983b3001381f56
{"match":false,"likes_remaining":100}
2018-02-18 18:02:22.190869 Like : 5a89e52c82e3b3df168a01c1
{"match":false,"likes_remaining":100}
2018-02-18 18:02:37.591051 Like : 5a89e27b12c0389c16f8bf38
{"match":false,"likes_remaining":100}
2018-02-18 18:02:49.848026 Like : 5a89e5592431eea1200d58c0
{"match":false,"likes_remaining":100}
2018-02-18 18:03:02.279206 Like : 5a89e0b6ea042ca00d1b7f13
{"match":false,"likes_remaining":100}
2018-02-18 18:03:14.649024 Like : 58b589e99432409b5a513f28
{"match":false,"likes_remaining":100}
2018-02-18 18:04:30.708977 Like : 59d6e9d0fb68c8c04bb9174b
{"match":false,"likes_remaining":100}
2018-02-18 18:04:43.105078 Like : 5a89cff53f9d400721013126
{"match":false,"likes_remaining":100}
2018-02-18 18:04:55.858394 Like : 5a89e31e0cfc33583d77a077
{"match":false,"likes_remaining":100}
2018-02-18 18:05:08.186804 Like : 590e3917e60106d93b16b45e
{"match":false,"likes_remaining":100}
2018-02-18 18:05:20.469121 Like : 56930a9bc6843e712b274328
{"match":false,"likes_remaining":100}
2018-02-18 18:05:32.841597 Like : 5a89e717c6267f7a164885d7
{"match":false,"likes_remaining":100}
2018-02-18 18:05:45.086499 Like : 5a89e551c6267f7a1648826f
{"match":false,"likes_remaining":100}
2018-02-18 18:05:57.482473 Like : 59c20973d134935f459a3bd3
{"match":false,"likes_remaining":100}
2018-02-18 18:07:12.357221 Like : 5a89e6a10cfc33583d77a7a9
{"match":false,"likes_remaining":100}
2018-02-18 18:07:24.610754 Like : 5a89e3d9ea042ca00d1b846a
{"match":false,"likes_remaining":100}
2018-02-18 18:07:36.865842 Like : 5a89e864ea042ca00d1b8c40
{"match":false,"likes_remaining":100}
2018-02-18 18:07:49.202671 Like : 5a89e3bf488c44363d072eb5
{"match":false,"likes_remaining":100}
2018-02-18 18:08:01.543778 Like : 5a89e7772431eea1200d5d4a
{"match":false,"likes_remaining":100}
2018-02-18 18:09:17.090546 Like : 5a89e0b6ea042ca00d1b7f13
{"match":false,"likes_remaining":100}
2018-02-18 18:09:29.433525 Like : 589fb6b299f5c6421da220cf
{"match":false,"likes_remaining":100}
2018-02-18 18:09:46.724690 Like : 5a89e9db3f9d40072101449d
{"match":false,"likes_remaining":100}
2018-02-18 18:09:58.960638 Like : 5a2c7a7aacf7656e057e9218
{"match":false,"likes_remaining":100}
2018-02-18 18:10:11.233364 Like : 59726734b212a8916d274459
{"match":false,"likes_remaining":100}
2018-02-18 18:10:23.571608 Like : 56539efef6edb05f20124e97
{"match":false,"likes_remaining":100}
2018-02-18 18:10:35.885960 Like : 5a89e3fac6267f7a1648802d
{"match":false,"likes_remaining":100}
2018-02-18 18:10:48.161866 Like : 5a89e28f2431eea1200d5397
{"match":false,"likes_remaining":100}
2018-02-18 18:11:01.042067 Like : 5a89e0c98ae8a5793df18178
{"match":false,"likes_remaining":100}
2018-02-18 18:12:16.872562 Like : 5a819bb0ea042ca00d1641e1
{"match":false,"likes_remaining":100}
2018-02-18 18:12:29.402192 Like : 5331bf446acb4d307900593d
{"match":false,"likes_remaining":100}
2018-02-18 18:12:41.782242 Like : 57257ee230b35d13152e1190
{"match":false,"likes_remaining":100}
2018-02-18 18:12:54.157037 Like : 59b35442005113983c7497a5
{"match":false,"likes_remaining":100}
2018-02-18 18:13:11.451806 Like : 56fb091e58edfb7e6aa05bb5
{"match":false,"likes_remaining":100}
2018-02-18 18:13:23.800440 Like : 5a89ea34af03e2143d21ebec
{"match":false,"likes_remaining":100}
2018-02-18 18:13:36.171703 Like : 5a89ea57b21b77060ebcb06f
{"match":false,"likes_remaining":100}
2018-02-18 18:13:48.435946 Like : 525c7aee761072f96600019d
{"match":false,"likes_remaining":100}
2018-02-18 18:14:00.744129 Like : 5a89ea993f9d400721014613
{"match":false,"likes_remaining":100}
2018-02-18 18:15:19.194741 Like : 5a89ec1ecddb80c4208ceb56
{"match":false,"likes_remaining":100}
2018-02-18 18:15:31.486699 Like : 5553b0b528da8a8d23ae9a95
{"match":false,"likes_remaining":100}
2018-02-18 18:15:43.696322 Like : 5959a8b2fa14850173a9694b
{"match":false,"likes_remaining":100}
2018-02-18 18:15:56.099304 Like : 57b3c0411432a7aa578bc1b3
{"match":false,"likes_remaining":100}
2018-02-18 18:16:08.346610 Like : 5a89eb5d2431eea1200d60bc
{"match":false,"likes_remaining":100}
2018-02-18 18:16:20.562053 Like : 5a89eb80b21b77060ebcb152
{"match":false,"likes_remaining":100}
2018-02-18 18:16:32.875198 Like : 5a89ea79092974be163a7f45
{"match":false,"likes_remaining":100}
2018-02-18 18:16:45.047763 Like : 5a89ebc33f9d40072101485b
{"match":false,"likes_remaining":100}
2018-02-18 18:18:00.276932 Like : 5a89ed56b21b77060ebcb465
{"match":false,"likes_remaining":100}
2018-02-18 18:18:12.653075 Like : 5a89ec73cddb80c4208cebf1
{"match":false,"likes_remaining":100}
2018-02-18 18:18:24.982636 Like : 5a89ec4d82e3b3df168a080f
{"match":false,"likes_remaining":100}
2018-02-18 18:19:37.299720 No hay resultados
{u'message': u'recs timeout'}
------------------------------------FIN---------------------------------------------
2018-02-18 19:00:07.114287 Like : 5a89f6bb033301c20d81f698
{"match":false,"likes_remaining":100}
2018-02-18 19:00:19.308006 Like : 58b589e99432409b5a513f28
{"match":false,"likes_remaining":100}
2018-02-18 19:00:31.594839 Like : 5a7f84c0b21b77060eb52fa2
{"match":false,"likes_remaining":100}
2018-02-18 19:00:44.100104 Like : 5a89eec3cddb80c4208cf130
{"match":false,"likes_remaining":100}
2018-02-18 19:00:56.306581 Like : 5a89f569033301c20d81f62d
{"match":false,"likes_remaining":100}
2018-02-18 19:01:08.696773 Like : 5a89ec9b488c44363d07363c
{"match":false,"likes_remaining":100}
2018-02-18 19:01:20.999742 Like : 580cf9feae40b86b76c09fbb
{"match":false,"likes_remaining":100}
2018-02-18 19:02:37.030393 Like : 5a89f6c682e3b3df168a1324
{"match":false,"likes_remaining":100}
2018-02-18 19:02:49.195035 Like : 5924cebdf6bc416b51d4d2ae
{"match":false,"likes_remaining":100}
2018-02-18 19:03:01.462400 Like : 5494d3f4c0e659fb64e18949
{"match":false,"likes_remaining":100}
2018-02-18 19:03:13.757440 Like : 52d3793be44413700b000557
{"match":false,"likes_remaining":100}
2018-02-18 19:03:25.929238 Like : 5a89f4f382e3b3df168a1116
{"match":false,"likes_remaining":100}
2018-02-18 19:03:38.295392 Like : 58dd7b1a194ab4e07be0195f
{"match":false,"likes_remaining":100}
2018-02-18 19:03:50.511165 Like : 5a89f6028ae8a5793df194da
{"match":false,"likes_remaining":100}
2018-02-18 19:04:02.730636 Like : 5955a16cb70f1e266c1b9f17
{"match":false,"likes_remaining":100}
2018-02-18 19:04:14.969310 Like : 59f3c2a570af89c40c31d97f
{"match":false,"likes_remaining":100}
2018-02-18 19:04:27.477684 Like : 59cd8d10dc8833933799aff7
{"match":false,"likes_remaining":100}
2018-02-18 19:04:39.799982 Like : 5a89ef4d092974be163a85c3
{"match":false,"likes_remaining":100}
2018-02-18 19:04:52.033774 Like : 5a89efbb12c0389c16f8c9ca
{"match":false,"likes_remaining":100}
2018-02-18 19:05:09.342007 Like : 5a89f5b13f9d400721014fc5
{"match":false,"likes_remaining":100}
2018-02-18 19:06:24.057198 Like : 5a89f489af03e2143d21f788
{"match":false,"likes_remaining":100}
2018-02-18 19:06:36.222609 Like : 5a89f7226f1acee40dc74dfb
{"match":false,"likes_remaining":100}
2018-02-18 19:06:48.466901 Like : 5a89f554af03e2143d21f8b2
{"match":false,"likes_remaining":100}
2018-02-18 19:07:00.706255 Like : 5a89f64e82e3b3df168a127b
{"match":false,"likes_remaining":100}
2018-02-18 19:08:16.208649 Like : 5a89ef3acddb80c4208cf225
{"match":false,"likes_remaining":100}
2018-02-18 19:08:28.651786 Like : 5a89efb8092974be163a8686
{"match":false,"likes_remaining":100}
2018-02-18 19:08:40.890730 Like : 5a89ef6e5fbc6de620da4192
{"match":false,"likes_remaining":100}
2018-02-18 19:08:53.128127 Like : 57ca3235b06e00bf184c4f81
{"match":false,"likes_remaining":100}
2018-02-18 19:09:05.347003 Like : 5a56b2e169c73afa6feff7f7
{"match":false,"likes_remaining":100}
2018-02-18 19:09:17.618269 Like : 597561d259d1770752afa87d
{"match":false,"likes_remaining":100}
2018-02-18 19:09:29.871960 Like : 59cba8e20b3efe3d7e727ee3
{"match":false,"likes_remaining":100}
2018-02-18 19:09:42.151036 Like : 54e9013bae28b6d17f825fa8
{"match":false,"likes_remaining":100}
2018-02-18 19:09:54.365747 Like : 5a89f298b21b77060ebcbc02
{"match":false,"likes_remaining":100}
2018-02-18 19:10:06.582526 Like : 5a89f7785fbc6de620da484b
{"match":false,"likes_remaining":100}
2018-02-18 19:11:21.252723 Like : 5a89ee1112c0389c16f8c687
{"match":false,"likes_remaining":100}
2018-02-18 19:12:36.800386 Like : 5a89f99dea042ca00d1ba1f9
{"match":false,"likes_remaining":100}
2018-02-18 19:12:48.922079 Like : 56ba53a367efda4523667274
{"match":false,"likes_remaining":100}
2018-02-18 19:13:01.080503 Like : 5a89f84fb21b77060ebcc463
{"match":false,"likes_remaining":100}
2018-02-18 19:13:13.373916 Like : 5a89f9173f9d400721015727
{"match":false,"likes_remaining":100}
2018-02-18 19:13:25.603303 Like : 5953e6b20ae1c266116aa856
{"match":false,"likes_remaining":100}
2018-02-18 19:13:37.763222 Like : 568f08c0761f3a2b23c637d2
{"match":false,"likes_remaining":100}
2018-02-18 19:13:49.912711 Like : 56308ce889fef2f1623cca8c
{"match":false,"likes_remaining":100}
