2038631247
{"status": "ok"}440569854
{"status": "ok"}1251906003
{"status": "ok"}1391375859
unfollow
1644600890
{"status": "ok"}follow
2092669952
{"result": "following", "status": "ok"}follow
1985469129

unfollow
1985469129
{"status": "ok"}
unfollow
2092669952

unfollow
1992715767
{"status": "ok"}
unfollow
2067112284
{"status": "ok"}
unfollow
2010270425
{"status": "ok"}
unfollow
2096319201
Espera unos minutos antes de volver a intentarlo.
unfollow
2029906204
Espera unos minutos antes de volver a intentarlo.
unfollow
1315568559
Espera unos minutos antes de volver a intentarlo.
unfollow
1411374248
Espera unos minutos antes de volver a intentarlo.
unfollow
2148480540
Espera unos minutos antes de volver a intentarlo.
unfollow
2206222585
Espera unos minutos antes de volver a intentarlo.
unfollow
2209145696
Espera unos minutos antes de volver a intentarlo.
unfollow
2104490577
Espera unos minutos antes de volver a intentarlo.
unfollow
2207931463
Espera unos minutos antes de volver a intentarlo.
unfollow
2207827878
Espera unos minutos antes de volver a intentarlo.
unfollow
2001567228
Espera unos minutos antes de volver a intentarlo.
unfollow
1332742599
Espera unos minutos antes de volver a intentarlo.
unfollow
2211805206
Espera unos minutos antes de volver a intentarlo.
unfollow
2210097220
Espera unos minutos antes de volver a intentarlo.
unfollow
1458384000
Espera unos minutos antes de volver a intentarlo.
unfollow
2215603201
Espera unos minutos antes de volver a intentarlo.
unfollow
1025928332
Espera unos minutos antes de volver a intentarlo.
unfollow
2096319201
{"status": "ok"}
unfollow
2029906204
{"status": "ok"}
unfollow
1315568559
{"status": "ok"}
unfollow
1411374248
{"status": "ok"}
unfollow
2148480540
{"status": "ok"}
unfollow
2206222585
{"status": "ok"}
unfollow
2209145696
{"status": "ok"}
unfollow
2104490577
{"status": "ok"}
unfollow
2207931463
{"status": "ok"}
unfollow
2207827878
{"status": "ok"}
unfollow
2001567228
{"status": "ok"}
unfollow
1332742599
{"status": "ok"}
unfollow
2211805206
{"status": "ok"}
unfollow
2210097220
{"status": "ok"}
unfollow
1458384000
{"status": "ok"}
unfollow
2215603201
Espera unos minutos antes de volver a intentarlo.
unfollow
1025928332
Espera unos minutos antes de volver a intentarlo.
unfollow
218029151
Espera unos minutos antes de volver a intentarlo.
unfollow
3048809060
Espera unos minutos antes de volver a intentarlo.
unfollow
1529851028
Espera unos minutos antes de volver a intentarlo.
unfollow
2215603201
{"status": "ok"}
unfollow
1025928332
{"status": "ok"}
unfollow
218029151
{"status": "ok"}
unfollow
3048809060
{"status": "ok"}
unfollow
1529851028
{"status": "ok"}
unfollow
1411006032
{"status": "ok"}
unfollow
2218135681
{"status": "ok"}
unfollow
2219096641
{"status": "ok"}
unfollow
2222373059
{"status": "ok"}
unfollow
2222936998
{"status": "ok"}
unfollow
2223580726
{"status": "ok"}
unfollow
1315244279
{"status": "ok"}
unfollow
272013310
{"status": "ok"}
unfollow
264053122
{"status": "ok"}
unfollow
312426754
{"status": "ok"}
unfollow
1483554478
Espera unos minutos antes de volver a intentarlo.
unfollow
2226087640
Espera unos minutos antes de volver a intentarlo.
unfollow
2226066711
Espera unos minutos antes de volver a intentarlo.
unfollow
606057129
Espera unos minutos antes de volver a intentarlo.
unfollow
559626301
Espera unos minutos antes de volver a intentarlo.
unfollow
1483554478
{"status": "ok"}
unfollow
2226087640
{"status": "ok"}
unfollow
2226066711
{"status": "ok"}
unfollow
606057129
{"status": "ok"}
unfollow
559626301
{"status": "ok"}
unfollow
1126074544
{"status": "ok"}
unfollow
2112124993
{"status": "ok"}
unfollow
569962943
{"status": "ok"}
unfollow
1088243584
{"status": "ok"}
unfollow
566345331
{"status": "ok"}
unfollow
2112221464
{"status": "ok"}
unfollow
1429262369
{"status": "ok"}
unfollow
1167675728
{"status": "ok"}
unfollow
1538557297
{"status": "ok"}
unfollow
635391389
{"status": "ok"}
unfollow
1463967065
{"status": "ok"}
unfollow
2228331841
{"status": "ok"}
unfollow
198671048
{"status": "ok"}
unfollow
676599670
{"status": "ok"}
unfollow
274383810
{"status": "ok"}
unfollow
21309520
{"status": "ok"}
unfollow
376039082
{"status": "ok"}
unfollow
210345340
{"status": "ok"}
unfollow
1268266196
{"status": "ok"}
unfollow
1536897306
{"status": "ok"}
unfollow
12778491
{"status": "ok"}
unfollow
1258026091
{"status": "ok"}
unfollow
279527032
{"status": "ok"}
unfollow
581918888
{"status": "ok"}
unfollow
1113313370
{"status": "ok"}
vie ago 18 13:00:02 ART 2017
follow
733609154
{"result": "requested", "status": "ok"}
vie ago 18 13:00:05 ART 2017
follow
1648758373
{"result": "requested", "status": "ok"}
vie ago 18 13:00:08 ART 2017
follow
1961405781
{"result": "requested", "status": "ok"}
vie ago 18 13:00:11 ART 2017
follow
374263007
{"result": "requested", "status": "ok"}
vie ago 18 13:00:14 ART 2017
follow
522375276
{"result": "requested", "status": "ok"}
vie ago 18 13:00:17 ART 2017
follow
1972559896
{"result": "requested", "status": "ok"}
vie ago 18 13:00:20 ART 2017
follow
1944952801
{"result": "requested", "status": "ok"}
vie ago 18 13:00:23 ART 2017
follow
1156769980
{"result": "following", "status": "ok"}
vie ago 18 13:00:26 ART 2017
follow
2117365445
{"result": "requested", "status": "ok"}
vie ago 18 13:00:29 ART 2017
follow
1947365829
{"result": "requested", "status": "ok"}
vie ago 18 13:00:32 ART 2017
follow
1796253079
{"result": "requested", "status": "ok"}
vie ago 18 13:00:35 ART 2017
follow
1941354797
{"result": "requested", "status": "ok"}
vie ago 18 13:00:38 ART 2017
follow
2078954260
{"result": "following", "status": "ok"}
vie ago 18 13:00:41 ART 2017
follow
1491835908
{"result": "requested", "status": "ok"}
vie ago 18 13:00:44 ART 2017
follow
1273971977
{"result": "requested", "status": "ok"}
vie ago 18 13:30:01 ART 2017
follow
912837986
{"result": "requested", "status": "ok"}
vie ago 18 13:30:04 ART 2017
follow
2077709371
{"result": "requested", "status": "ok"}
vie ago 18 13:30:07 ART 2017
follow
1690780663
{"result": "following", "status": "ok"}
vie ago 18 13:30:10 ART 2017
follow
2018538241
{"result": "following", "status": "ok"}
vie ago 18 13:30:13 ART 2017
follow
395616662
{"result": "requested", "status": "ok"}
vie ago 18 13:30:16 ART 2017
follow
1154195394
{"result": "requested", "status": "ok"}
vie ago 18 13:30:19 ART 2017
follow
1982939698
{"result": "requested", "status": "ok"}
vie ago 18 13:30:22 ART 2017
follow
1948143434
{"result": "following", "status": "ok"}
vie ago 18 13:30:25 ART 2017
follow
1985345716
{"result": "requested", "status": "ok"}
vie ago 18 13:30:28 ART 2017
follow
2109752522
{"result": "following", "status": "ok"}
vie ago 18 13:30:31 ART 2017
follow
260592059
{"result": "requested", "status": "ok"}
vie ago 18 13:30:34 ART 2017
follow
2091332836
{"result": "following", "status": "ok"}
vie ago 18 13:30:37 ART 2017
follow
2061730789
{"result": "requested", "status": "ok"}
vie ago 18 13:30:40 ART 2017
follow
2042102528
{"result": "following", "status": "ok"}
vie ago 18 13:30:43 ART 2017
follow
1387228654
{"result": "requested", "status": "ok"}
vie ago 18 14:00:02 ART 2017
follow
49306021
{"result": "following", "status": "ok"}
vie ago 18 14:00:05 ART 2017
follow
194612583
{"result": "following", "status": "ok"}
vie ago 18 14:00:08 ART 2017
follow
1457791293

vie ago 18 14:00:11 ART 2017
follow
1916514620
{"result": "following", "status": "ok"}
vie ago 18 14:00:14 ART 2017
follow
593893126
{"result": "following", "status": "ok"}{"result": "following", "status": "ok"}
vie ago 18 14:00:17 ART 2017
follow
2041325577
{"result": "requested", "status": "ok"}
vie ago 18 14:00:20 ART 2017
follow
1971286021
{"result": "following", "status": "ok"}
vie ago 18 14:00:23 ART 2017
follow
1631099659
{"result": "requested", "status": "ok"}
vie ago 18 14:00:26 ART 2017
follow
2100093775
{"result": "requested", "status": "ok"}
vie ago 18 14:00:29 ART 2017
follow
1536405769
{"result": "requested", "status": "ok"}
vie ago 18 14:00:32 ART 2017
follow
2133288477
{"result": "following", "status": "ok"}
vie ago 18 14:00:35 ART 2017
follow
1756793215
Oops, an error occurred.

vie ago 18 14:00:38 ART 2017
follow
1187667588
{"result": "requested", "status": "ok"}
vie ago 18 14:00:41 ART 2017
follow
2041683934
{"result": "requested", "status": "ok"}
vie ago 18 14:00:44 ART 2017
follow
2017283394
{"result": "requested", "status": "ok"}
vie ago 18 14:30:01 ART 2017
follow
2106875884
{"result": "following", "status": "ok"}
vie ago 18 14:30:04 ART 2017
follow
2070876976
{"result": "following", "status": "ok"}
vie ago 18 14:30:07 ART 2017
follow
397133377
{"result": "following", "status": "ok"}
vie ago 18 14:30:10 ART 2017
follow
2022452927
{"result": "following", "status": "ok"}
vie ago 18 14:30:13 ART 2017
follow
1835937155
{"result": "following", "status": "ok"}
vie ago 18 14:30:16 ART 2017
follow
2010062252
{"result": "requested", "status": "ok"}
vie ago 18 14:30:19 ART 2017
follow
2117670275
{"result": "following", "status": "ok"}
vie ago 18 14:30:22 ART 2017
follow
1007149898
{"result": "requested", "status": "ok"}
vie ago 18 14:30:25 ART 2017
follow
1926074319
{"result": "requested", "status": "ok"}
vie ago 18 14:30:28 ART 2017
follow
516764250
{"result": "requested", "status": "ok"}
vie ago 18 14:30:31 ART 2017
follow
1928857756
{"result": "requested", "status": "ok"}
vie ago 18 14:30:34 ART 2017
follow
1990460941
{"result": "following", "status": "ok"}
vie ago 18 14:30:37 ART 2017
follow
1990452673
{"result": "following", "status": "ok"}
vie ago 18 14:30:40 ART 2017
follow
2073653741
{"result": "requested", "status": "ok"}
vie ago 18 14:30:43 ART 2017
follow
1055215339
{"result": "requested", "status": "ok"}
vie ago 18 15:00:02 ART 2017
follow
1825761143
{"message": "checkpoint_required", "checkpoint_url": "https://www.instagram.com/challenge/", "lock": false, "status": "fail"}
vie ago 18 15:00:05 ART 2017
follow
2034835665
{"message": "checkpoint_required", "checkpoint_url": "https://www.instagram.com/challenge/", "lock": false, "status": "fail"}
vie ago 18 15:00:08 ART 2017
follow
983355258
{"message": "checkpoint_required", "checkpoint_url": "https://www.instagram.com/challenge/", "lock": false, "status": "fail"}
vie ago 18 15:00:11 ART 2017
follow
476536699
{"message": "checkpoint_required", "checkpoint_url": "https://www.instagram.com/challenge/", "lock": false, "status": "fail"}
vie ago 18 15:00:14 ART 2017
follow
2000847702
{"message": "checkpoint_required", "checkpoint_url": "https://www.instagram.com/challenge/", "lock": false, "status": "fail"}
vie ago 18 15:00:17 ART 2017
follow
2118450070
{"message": "checkpoint_required", "checkpoint_url": "https://www.instagram.com/challenge/", "lock": false, "status": "fail"}
vie ago 18 15:00:20 ART 2017
follow
2089652148
{"message": "checkpoint_required", "checkpoint_url": "https://www.instagram.com/challenge/", "lock": false, "status": "fail"}
vie ago 18 15:00:23 ART 2017
follow
2117239015
{"message": "checkpoint_required", "checkpoint_url": "https://www.instagram.com/challenge/", "lock": false, "status": "fail"}
vie ago 18 15:00:26 ART 2017
follow
1586897306
{"message": "checkpoint_required", "checkpoint_url": "https://www.instagram.com/challenge/", "lock": false, "status": "fail"}
vie ago 18 15:00:29 ART 2017
follow
2065637125
{"message": "checkpoint_required", "checkpoint_url": "https://www.instagram.com/challenge/", "lock": false, "status": "fail"}
vie ago 18 15:00:32 ART 2017
follow
1096104555
{"message": "checkpoint_required", "checkpoint_url": "https://www.instagram.com/challenge/", "lock": false, "status": "fail"}
vie ago 18 15:00:35 ART 2017
follow
1523214217
{"message": "checkpoint_required", "checkpoint_url": "https://www.instagram.com/challenge/", "lock": false, "status": "fail"}
vie ago 18 15:00:38 ART 2017
follow
1992402974
{"message": "checkpoint_required", "checkpoint_url": "https://www.instagram.com/challenge/", "lock": false, "status": "fail"}
vie ago 18 15:00:41 ART 2017
follow
2061604049
{"message": "checkpoint_required", "checkpoint_url": "https://www.instagram.com/challenge/", "lock": false, "status": "fail"}
vie ago 18 15:00:44 ART 2017
follow
2014009653
{"message": "checkpoint_required", "checkpoint_url": "https://www.instagram.com/challenge/", "lock": false, "status": "fail"}
vie ago 18 15:30:01 ART 2017
follow
1945614250
{"message": "checkpoint_required", "checkpoint_url": "https://www.instagram.com/challenge/", "lock": false, "status": "fail"}
vie ago 18 15:30:04 ART 2017
follow
359132951
{"message": "checkpoint_required", "checkpoint_url": "https://www.instagram.com/challenge/", "lock": false, "status": "fail"}
vie ago 18 15:30:07 ART 2017
follow
1836956261
{"message": "checkpoint_required", "checkpoint_url": "https://www.instagram.com/challenge/", "lock": false, "status": "fail"}
vie ago 18 15:30:10 ART 2017
follow
1832393333
{"message": "checkpoint_required", "checkpoint_url": "https://www.instagram.com/challenge/", "lock": false, "status": "fail"}
vie ago 18 15:30:13 ART 2017
follow
1832353568
{"message": "checkpoint_required", "checkpoint_url": "https://www.instagram.com/challenge/", "lock": false, "status": "fail"}
vie ago 18 15:30:16 ART 2017
follow
1833245035
{"message": "checkpoint_required", "checkpoint_url": "https://www.instagram.com/challenge/", "lock": false, "status": "fail"}
vie ago 18 15:30:19 ART 2017
follow
1834171073
{"message": "checkpoint_required", "checkpoint_url": "https://www.instagram.com/challenge/", "lock": false, "status": "fail"}
vie ago 18 15:30:22 ART 2017
follow
1759760890
{"message": "checkpoint_required", "checkpoint_url": "https://www.instagram.com/challenge/", "lock": false, "status": "fail"}
vie ago 18 15:30:25 ART 2017
follow
1821872985
{"message": "checkpoint_required", "checkpoint_url": "https://www.instagram.com/challenge/", "lock": false, "status": "fail"}
vie ago 18 15:30:28 ART 2017
follow
1817776114
{"message": "checkpoint_required", "checkpoint_url": "https://www.instagram.com/challenge/", "lock": false, "status": "fail"}
vie ago 18 15:30:31 ART 2017
follow
1820987850
{"message": "checkpoint_required", "checkpoint_url": "https://www.instagram.com/challenge/", "lock": false, "status": "fail"}
vie ago 18 15:30:34 ART 2017
follow
1712141691
{"message": "checkpoint_required", "checkpoint_url": "https://www.instagram.com/challenge/", "lock": false, "status": "fail"}
vie ago 18 15:30:37 ART 2017
follow
1331551781
{"message": "checkpoint_required", "checkpoint_url": "https://www.instagram.com/challenge/", "lock": false, "status": "fail"}
vie ago 18 15:30:40 ART 2017
follow
1789602748
{"message": "checkpoint_required", "checkpoint_url": "https://www.instagram.com/challenge/", "lock": false, "status": "fail"}
vie ago 18 15:30:43 ART 2017
follow
784193601
{"message": "checkpoint_required", "checkpoint_url": "https://www.instagram.com/challenge/", "lock": false, "status": "fail"}
vie ago 18 17:08:01 ART 2017
follow
1768920367
{"result": "following", "status": "ok"}
vie ago 18 17:14:22 ART 2017
follow
1769888256
{"result": "requested", "status": "ok"}
vie ago 18 18:00:01 ART 2017
follow
1719127735

vie ago 18 18:01:01 ART 2017
follow
1715205872

vie ago 18 18:02:01 ART 2017
follow
1713424526

vie ago 18 18:03:02 ART 2017
follow
702312640

vie ago 18 18:04:02 ART 2017
follow
1350602318

vie ago 18 18:05:02 ART 2017
follow
1701108958

vie ago 18 18:06:02 ART 2017
follow
1700903456

vie ago 18 18:07:02 ART 2017
follow
1530379040

vie ago 18 18:08:02 ART 2017
follow
736879034

vie ago 18 18:09:02 ART 2017
follow
549083166

vie ago 18 18:10:02 ART 2017
follow
1710141680

vie ago 18 18:11:02 ART 2017
follow
1708268128

vie ago 18 18:12:02 ART 2017
follow
1362829247

vie ago 18 18:13:02 ART 2017
follow
1150756398

vie ago 18 18:14:02 ART 2017
follow
226778297

vie ago 18 18:15:02 ART 2017
follow
1693754369

vie ago 18 18:16:02 ART 2017
follow
1500353004

vie ago 18 18:17:02 ART 2017
follow
1694927397

vie ago 18 18:18:02 ART 2017
follow
391343549

vie ago 18 18:19:02 ART 2017
follow
897516414

vie ago 18 18:36:52 ART 2017
follow
1028426210
{"result": "requested", "status": "ok"}
vie ago 18 18:37:52 ART 2017
follow
368352896
{"result": "requested", "status": "ok"}
vie ago 18 18:38:52 ART 2017
follow
555593073
{"result": "requested", "status": "ok"}
vie ago 18 18:39:52 ART 2017
follow
1689636985
{"result": "requested", "status": "ok"}
vie ago 18 18:40:52 ART 2017
follow
1689475219
{"result": "requested", "status": "ok"}
vie ago 18 18:41:52 ART 2017
follow
386540873
{"result": "following", "status": "ok"}
vie ago 18 18:42:52 ART 2017
follow
1682599423
{"result": "requested", "status": "ok"}
vie ago 18 18:43:53 ART 2017
follow
51271486
{"result": "requested", "status": "ok"}
vie ago 18 18:44:53 ART 2017
follow
1485936958
{"result": "requested", "status": "ok"}
vie ago 18 18:45:53 ART 2017
follow
1681220200
{"result": "following", "status": "ok"}
vie ago 18 18:46:53 ART 2017
follow
1385787946
{"result": "following", "status": "ok"}
vie ago 18 19:00:01 ART 2017
follow
1665446786
{"result": "requested", "status": "ok"}
vie ago 18 19:01:01 ART 2017
follow
1663282851
{"result": "following", "status": "ok"}
vie ago 18 19:02:01 ART 2017
follow
1090918194
{"result": "following", "status": "ok"}
vie ago 18 19:03:02 ART 2017
follow
1675037620
{"result": "following", "status": "ok"}
vie ago 18 19:04:02 ART 2017
follow
1675775893
{"result": "following", "status": "ok"}
vie ago 18 19:05:02 ART 2017
follow
1673156762
{"result": "following", "status": "ok"}
vie ago 18 19:06:02 ART 2017
follow
1411794307
{"result": "following", "status": "ok"}
vie ago 18 19:07:02 ART 2017
follow
1665390074
{"result": "following", "status": "ok"}
vie ago 18 19:08:02 ART 2017
follow
1668232087
{"result": "requested", "status": "ok"}
vie ago 18 19:09:02 ART 2017
follow
1254755978
{"result": "requested", "status": "ok"}
vie ago 18 20:00:01 ART 2017
follow
1654976696
{"result": "following", "status": "ok"}
vie ago 18 20:01:01 ART 2017
follow
1085048785
{"result": "requested", "status": "ok"}
vie ago 18 20:02:02 ART 2017
follow
1648536625
{"result": "requested", "status": "ok"}
vie ago 18 20:03:02 ART 2017
follow
1652904038
{"result": "following", "status": "ok"}
vie ago 18 20:04:02 ART 2017
follow
1592887980
{"result": "requested", "status": "ok"}
vie ago 18 20:05:02 ART 2017
follow
1593362841
{"result": "following", "status": "ok"}
vie ago 18 20:06:02 ART 2017
follow
1602426502
{"result": "following", "status": "ok"}
vie ago 18 20:07:02 ART 2017
follow
200365415
{"result": "requested", "status": "ok"}
vie ago 18 20:08:02 ART 2017
follow
1651001598
{"result": "requested", "status": "ok"}
vie ago 18 20:09:02 ART 2017
follow
1382573872
{"result": "requested", "status": "ok"}
vie ago 18 21:00:01 ART 2017
follow
1455580638
{"result": "following", "status": "ok"}
vie ago 18 21:01:01 ART 2017
follow
1640415103
{"result": "requested", "status": "ok"}
vie ago 18 21:02:02 ART 2017
follow
1422729032
{"result": "requested", "status": "ok"}
vie ago 18 21:03:02 ART 2017
follow
1593471181
{"result": "following", "status": "ok"}
vie ago 18 21:04:02 ART 2017
follow
1439374736
{"result": "following", "status": "ok"}
vie ago 18 21:05:02 ART 2017
follow
1637476260
{"result": "following", "status": "ok"}
vie ago 18 21:06:02 ART 2017
follow
1637609568
{"result": "requested", "status": "ok"}
vie ago 18 21:07:02 ART 2017
follow
1637212901
{"result": "requested", "status": "ok"}
vie ago 18 21:08:02 ART 2017
follow
436652323
{"result": "following", "status": "ok"}
vie ago 18 21:09:02 ART 2017
follow
215044510
{"result": "requested", "status": "ok"}
vie ago 18 22:00:02 ART 2017
follow
1631986170
{"result": "requested", "status": "ok"}
vie ago 18 22:01:02 ART 2017
follow
1631385017
{"result": "following", "status": "ok"}
vie ago 18 22:02:02 ART 2017
follow
1107678667
{"result": "requested", "status": "ok"}
vie ago 18 22:03:02 ART 2017
follow
1625785425
{"result": "following", "status": "ok"}
vie ago 18 22:04:02 ART 2017
follow
1631194798
{"result": "requested", "status": "ok"}
vie ago 18 22:05:02 ART 2017
follow
1555385749
{"result": "following", "status": "ok"}
vie ago 18 22:06:02 ART 2017
follow
1624583899
{"result": "requested", "status": "ok"}
vie ago 18 22:07:02 ART 2017
follow
1621768411
{"result": "requested", "status": "ok"}
vie ago 18 22:08:02 ART 2017
follow
1619820528
{"result": "requested", "status": "ok"}
vie ago 18 22:09:02 ART 2017
follow
1620024763
{"result": "following", "status": "ok"}
vie ago 18 23:00:01 ART 2017
follow
1604959925
{"result": "requested", "status": "ok"}
vie ago 18 23:01:01 ART 2017
follow
1613463553
{"result": "requested", "status": "ok"}
vie ago 18 23:02:01 ART 2017
follow
1591084299
{"result": "following", "status": "ok"}
vie ago 18 23:03:01 ART 2017
follow
1450271564
{"result": "requested", "status": "ok"}
vie ago 18 23:04:01 ART 2017
follow
1617905236
{"result": "requested", "status": "ok"}
vie ago 18 23:05:01 ART 2017
follow
1418148963
{"result": "requested", "status": "ok"}
vie ago 18 23:06:01 ART 2017
follow
1567810529
{"result": "requested", "status": "ok"}
vie ago 18 23:07:01 ART 2017
follow
1619732281
{"result": "requested", "status": "ok"}
vie ago 18 23:08:01 ART 2017
follow
1138154556
{"result": "requested", "status": "ok"}
vie ago 18 23:09:01 ART 2017
follow
477030096
{"result": "requested", "status": "ok"}
vie ago 18 23:54:18 ART 2017
follow
1603221024
{"result": "following", "status": "ok"}
vie ago 18 23:58:01 ART 2017
follow
1603022106
{"result": "following", "status": "ok"}
sáb ago 19 00:02:07 ART 2017
unfollow
1603022106
{"status": "ok"}
sáb ago 19 01:02:02 ART 2017
unfollow
2061730789
{"status": "ok"}
sáb ago 19 01:03:02 ART 2017
unfollow
1417002615
{"status": "ok"}
sáb ago 19 01:04:02 ART 2017
unfollow
1950741427
{"status": "ok"}
sáb ago 19 01:05:02 ART 2017
unfollow
1530201834
{"status": "ok"}
sáb ago 19 01:06:02 ART 2017
unfollow
1543043253
{"status": "ok"}
sáb ago 19 01:07:02 ART 2017
unfollow
1548465800
{"status": "ok"}
sáb ago 19 01:08:02 ART 2017
unfollow
414483886
{"status": "ok"}
sáb ago 19 01:09:02 ART 2017
unfollow
1560916157
{"status": "ok"}
sáb ago 19 01:10:02 ART 2017
unfollow
305223104
{"status": "ok"}
sáb ago 19 01:11:02 ART 2017
unfollow
1566676426
{"status": "ok"}
sáb ago 19 02:02:01 ART 2017
unfollow
391343549
{"status": "ok"}
sáb ago 19 02:03:01 ART 2017
unfollow
477030096
{"status": "ok"}
sáb ago 19 02:04:01 ART 2017
unfollow
1573982173
{"status": "ok"}
sáb ago 19 02:05:01 ART 2017
unfollow
1575787560
{"status": "ok"}
sáb ago 19 02:06:01 ART 2017
unfollow
1576221215
{"status": "ok"}
sáb ago 19 02:07:01 ART 2017
unfollow
1172249658
{"status": "ok"}
sáb ago 19 02:08:01 ART 2017
unfollow
1577206822
{"status": "ok"}
sáb ago 19 02:09:01 ART 2017
unfollow
1585233572
{"status": "ok"}
sáb ago 19 02:10:01 ART 2017
unfollow
1583914129
{"status": "ok"}
sáb ago 19 02:11:01 ART 2017
unfollow
1530489843
{"status": "ok"}
sáb ago 19 03:02:01 ART 2017
unfollow
1619732281
{"status": "ok"}
sáb ago 19 03:03:02 ART 2017
unfollow
1585721875
{"status": "ok"}
sáb ago 19 03:04:02 ART 2017
unfollow
1593583072
{"status": "ok"}
sáb ago 19 03:05:02 ART 2017
unfollow
1603164806
{"status": "ok"}
sáb ago 19 03:06:02 ART 2017
unfollow
1603221024
{"status": "ok"}
sáb ago 19 03:07:02 ART 2017
unfollow
368352896
{"status": "ok"}
sáb ago 19 03:08:02 ART 2017
unfollow
1575409676
{"status": "ok"}
sáb ago 19 03:09:02 ART 2017
unfollow
1273971977
{"status": "ok"}
sáb ago 19 03:10:02 ART 2017
unfollow
1928857756
{"status": "ok"}
sáb ago 19 03:11:02 ART 2017
unfollow
1591084299
{"status": "ok"}
sáb ago 19 04:02:01 ART 2017
unfollow
1926074319
{"status": "ok"}
sáb ago 19 04:03:01 ART 2017
unfollow
1637609568
{"status": "ok"}
sáb ago 19 04:04:01 ART 2017
unfollow
1620024763
{"status": "ok"}
sáb ago 19 04:05:01 ART 2017
unfollow
1555385749
{"status": "ok"}
sáb ago 19 04:06:01 ART 2017
unfollow
1625785425
{"status": "ok"}
sáb ago 19 04:07:01 ART 2017
unfollow
1631385017
{"status": "ok"}
sáb ago 19 04:08:01 ART 2017
unfollow
436652323
{"status": "ok"}
sáb ago 19 04:09:01 ART 2017
unfollow
1640415103
{"status": "ok"}
sáb ago 19 04:10:01 ART 2017
unfollow
1637476260
{"status": "ok"}
sáb ago 19 04:11:02 ART 2017
unfollow
1439374736
{"status": "ok"}
sáb ago 19 05:02:02 ART 2017
unfollow
1593471181
{"status": "ok"}
sáb ago 19 05:03:02 ART 2017
unfollow
1455580638
{"status": "ok"}
sáb ago 19 05:04:02 ART 2017
unfollow
1602426502
{"status": "ok"}
sáb ago 19 05:05:02 ART 2017
unfollow
1593362841
{"status": "ok"}
sáb ago 19 05:06:02 ART 2017
unfollow
1652904038
{"status": "ok"}
sáb ago 19 05:07:02 ART 2017
unfollow
1654976696
{"status": "ok"}
sáb ago 19 05:08:02 ART 2017
unfollow
1254755978
{"status": "ok"}
sáb ago 19 05:09:02 ART 2017
unfollow
1665390074
{"status": "ok"}
sáb ago 19 05:10:02 ART 2017
unfollow
1411794307
{"status": "ok"}
sáb ago 19 05:11:02 ART 2017
unfollow
1673156762
{"status": "ok"}
sáb ago 19 06:02:01 ART 2017
unfollow
1675775893
{"status": "ok"}
sáb ago 19 06:03:01 ART 2017
unfollow
1675037620
{"status": "ok"}
sáb ago 19 06:04:01 ART 2017
unfollow
1090918194
{"status": "ok"}
sáb ago 19 06:05:01 ART 2017
unfollow
1663282851
{"status": "ok"}
sáb ago 19 06:06:01 ART 2017
unfollow
1385787946
{"status": "ok"}
sáb ago 19 06:07:01 ART 2017
unfollow
1681220200
{"status": "ok"}
sáb ago 19 06:08:01 ART 2017
unfollow
1028426210
{"status": "ok"}
sáb ago 19 06:09:01 ART 2017
unfollow
386540873
{"status": "ok"}
sáb ago 19 06:10:02 ART 2017
unfollow
1768920367
{"status": "ok"}
sáb ago 19 06:11:02 ART 2017
unfollow
596936694
{"status": "ok"}
sáb ago 19 07:02:02 ART 2017
unfollow
1550348932
{"status": "ok"}
sáb ago 19 07:03:02 ART 2017
unfollow
5436607633
{"status": "ok"}
sáb ago 19 07:04:02 ART 2017
unfollow
1055215339
{"status": "ok"}
sáb ago 19 07:05:02 ART 2017
unfollow
1990452673
{"status": "ok"}
sáb ago 19 07:06:02 ART 2017
unfollow
1990460941
{"status": "ok"}
sáb ago 19 07:07:02 ART 2017
unfollow
2117670275
{"status": "ok"}
sáb ago 19 07:08:02 ART 2017
unfollow
1835937155
{"status": "ok"}
sáb ago 19 07:09:02 ART 2017
unfollow
2022452927
{"status": "ok"}
sáb ago 19 07:10:02 ART 2017
unfollow
397133377
{"status": "ok"}
sáb ago 19 07:11:02 ART 2017
unfollow
2070876976
{"status": "ok"}
sáb ago 19 08:02:01 ART 2017
unfollow
2106875884
{"status": "ok"}
sáb ago 19 08:03:01 ART 2017
unfollow
2017283394
{"status": "ok"}
sáb ago 19 08:04:01 ART 2017
unfollow
1154195394
{"status": "ok"}
sáb ago 19 08:05:01 ART 2017
unfollow
2133288477
{"status": "ok"}
sáb ago 19 08:06:01 ART 2017
unfollow
1971286021
{"status": "ok"}
sáb ago 19 08:07:01 ART 2017
unfollow
593893126
{"status": "ok"}
sáb ago 19 08:08:01 ART 2017
unfollow
1457791293
{"status": "ok"}
sáb ago 19 08:09:01 ART 2017
unfollow
1916514620
{"status": "ok"}
sáb ago 19 08:10:02 ART 2017
unfollow
194612583
{"status": "ok"}
sáb ago 19 08:11:02 ART 2017
unfollow
49306021
{"status": "ok"}