2038631247
{"status": "ok"}440569854
{"status": "ok"}1251906003
{"status": "ok"}1391375859
unfollow
1644600890
{"status": "ok"}follow
2092669952
{"result": "following", "status": "ok"}follow
1985469129

unfollow
1985469129
{"status": "ok"}
unfollow
2092669952

unfollow
1992715767
{"status": "ok"}
unfollow
2067112284
{"status": "ok"}
unfollow
2010270425
{"status": "ok"}
unfollow
2096319201
Espera unos minutos antes de volver a intentarlo.
unfollow
2029906204
Espera unos minutos antes de volver a intentarlo.
unfollow
1315568559
Espera unos minutos antes de volver a intentarlo.
unfollow
1411374248
Espera unos minutos antes de volver a intentarlo.
unfollow
2148480540
Espera unos minutos antes de volver a intentarlo.
unfollow
2206222585
Espera unos minutos antes de volver a intentarlo.
unfollow
2209145696
Espera unos minutos antes de volver a intentarlo.
unfollow
2104490577
Espera unos minutos antes de volver a intentarlo.
unfollow
2207931463
Espera unos minutos antes de volver a intentarlo.
unfollow
2207827878
Espera unos minutos antes de volver a intentarlo.
unfollow
2001567228
Espera unos minutos antes de volver a intentarlo.
unfollow
1332742599
Espera unos minutos antes de volver a intentarlo.
unfollow
2211805206
Espera unos minutos antes de volver a intentarlo.
unfollow
2210097220
Espera unos minutos antes de volver a intentarlo.
unfollow
1458384000
Espera unos minutos antes de volver a intentarlo.
unfollow
2215603201
Espera unos minutos antes de volver a intentarlo.
unfollow
1025928332
Espera unos minutos antes de volver a intentarlo.