Dejando de seguir no seguidores
Actualizando no seguidores
Obteniendo seguidores
Obteniendo los que sigo
Haciendo disjuncion de mis no seguidores


Unfollowing : 2035051454



Unfollowing : 761036783

Dejando de seguir no seguidores
Actualizando no seguidores
Obteniendo seguidores
Obteniendo los que sigo
Haciendo disjuncion de mis no seguidores


Unfollowing : 2011885147

{"status": "ok"}

Unfollowing : 1968675899

{"status": "ok"}

Unfollowing : 1923072079

Dejando de seguir no seguidores
Actualizando no seguidores
Obteniendo seguidores
Obteniendo los que sigo
Haciendo disjuncion de mis no seguidores


Unfollowing : 2038631247



Unfollowing : 440569854



Unfollowing : 1251906003



Unfollowing : 1391375859

Dejando de seguir no seguidores
Actualizando no seguidores
Obteniendo seguidores
Obteniendo los que sigo
Haciendo disjuncion de mis no seguidores


Unfollowing : 1644600890

Siguiendo usuario de 315278478:AgusNunez


Following : 2092669952



Following : 1985469129

Dejando de seguir no seguidores
Actualizando no seguidores
Obteniendo seguidores
Obteniendo los que sigo
Haciendo disjuncion de mis no seguidores


Unfollowing : 1985469129



Unfollowing : 2092669952

Dejando de seguir no seguidores
Actualizando no seguidores
Obteniendo seguidores
Obteniendo los que sigo
Haciendo disjuncion de mis no seguidores


Unfollowing : 1992715767



Unfollowing : 2067112284



Unfollowing : 2010270425



Unfollowing : 2096319201



Unfollowing : 2029906204



Unfollowing : 1315568559



Unfollowing : 1411374248



Unfollowing : 2148480540



Unfollowing : 2206222585



Unfollowing : 2209145696



Unfollowing : 2104490577



Unfollowing : 2207931463



Unfollowing : 2207827878



Unfollowing : 2001567228



Unfollowing : 1332742599



Unfollowing : 2211805206



Unfollowing : 2210097220



Unfollowing : 1458384000



Unfollowing : 2215603201



Unfollowing : 1025928332

